CRITICAL - 2022-12-11 18:10:05 --> Object of class stdClass could not be converted to string
in APPPATH/Views/bydates.php on line 31.
 1 SYSTEMPATH/View/View.php(213): include()
 2 SYSTEMPATH/View/View.php(216): CodeIgniter\View\View->CodeIgniter\View\{closure}()
 3 SYSTEMPATH/Common.php(1142): CodeIgniter\View\View->render('bydates', [], true)
 4 APPPATH/Controllers/GoogleCharts.php(64): view('bydates', [...])
 5 SYSTEMPATH/CodeIgniter.php(902): App\Controllers\GoogleCharts->viadates()
 6 SYSTEMPATH/CodeIgniter.php(457): CodeIgniter\CodeIgniter->runController(Object(App\Controllers\GoogleCharts))
 7 SYSTEMPATH/CodeIgniter.php(340): CodeIgniter\CodeIgniter->handleRequest(null, Object(Config\Cache), false)
 8 FCPATH/index.php(67): CodeIgniter\CodeIgniter->run()
 9 SYSTEMPATH/Commands/Server/rewrite.php(46): require_once('FCPATH/index.php')
CRITICAL - 2022-12-11 18:10:47 --> Object of class stdClass could not be converted to string
in APPPATH/Views/bydates.php on line 31.
 1 SYSTEMPATH/View/View.php(213): include()
 2 SYSTEMPATH/View/View.php(216): CodeIgniter\View\View->CodeIgniter\View\{closure}()
 3 SYSTEMPATH/Common.php(1142): CodeIgniter\View\View->render('bydates', [], true)
 4 APPPATH/Controllers/GoogleCharts.php(64): view('bydates', [...])
 5 SYSTEMPATH/CodeIgniter.php(902): App\Controllers\GoogleCharts->viadates()
 6 SYSTEMPATH/CodeIgniter.php(457): CodeIgniter\CodeIgniter->runController(Object(App\Controllers\GoogleCharts))
 7 SYSTEMPATH/CodeIgniter.php(340): CodeIgniter\CodeIgniter->handleRequest(null, Object(Config\Cache), false)
 8 FCPATH/index.php(67): CodeIgniter\CodeIgniter->run()
 9 SYSTEMPATH/Commands/Server/rewrite.php(46): require_once('FCPATH/index.php')
CRITICAL - 2022-12-11 18:10:47 --> Object of class stdClass could not be converted to string
in APPPATH/Views/bydates.php on line 31.
 1 SYSTEMPATH/View/View.php(213): include()
 2 SYSTEMPATH/View/View.php(216): CodeIgniter\View\View->CodeIgniter\View\{closure}()
 3 SYSTEMPATH/Common.php(1142): CodeIgniter\View\View->render('bydates', [], true)
 4 APPPATH/Controllers/GoogleCharts.php(64): view('bydates', [...])
 5 SYSTEMPATH/CodeIgniter.php(902): App\Controllers\GoogleCharts->viadates()
 6 SYSTEMPATH/CodeIgniter.php(457): CodeIgniter\CodeIgniter->runController(Object(App\Controllers\GoogleCharts))
 7 SYSTEMPATH/CodeIgniter.php(340): CodeIgniter\CodeIgniter->handleRequest(null, Object(Config\Cache), false)
 8 FCPATH/index.php(67): CodeIgniter\CodeIgniter->run()
 9 SYSTEMPATH/Commands/Server/rewrite.php(46): require_once('FCPATH/index.php')
CRITICAL - 2022-12-11 18:15:17 --> Object of class stdClass could not be converted to string
in APPPATH/Views/bydates.php on line 31.
 1 SYSTEMPATH/View/View.php(213): include()
 2 SYSTEMPATH/View/View.php(216): CodeIgniter\View\View->CodeIgniter\View\{closure}()
 3 SYSTEMPATH/Common.php(1142): CodeIgniter\View\View->render('bydates', [], true)
 4 APPPATH/Controllers/GoogleCharts.php(64): view('bydates', [...])
 5 SYSTEMPATH/CodeIgniter.php(902): App\Controllers\GoogleCharts->viadates()
 6 SYSTEMPATH/CodeIgniter.php(457): CodeIgniter\CodeIgniter->runController(Object(App\Controllers\GoogleCharts))
 7 SYSTEMPATH/CodeIgniter.php(340): CodeIgniter\CodeIgniter->handleRequest(null, Object(Config\Cache), false)
 8 FCPATH/index.php(67): CodeIgniter\CodeIgniter->run()
 9 SYSTEMPATH/Commands/Server/rewrite.php(46): require_once('FCPATH/index.php')
CRITICAL - 2022-12-11 18:15:35 --> Object of class stdClass could not be converted to string
in APPPATH/Views/bydates.php on line 31.
 1 SYSTEMPATH/View/View.php(213): include()
 2 SYSTEMPATH/View/View.php(216): CodeIgniter\View\View->CodeIgniter\View\{closure}()
 3 SYSTEMPATH/Common.php(1142): CodeIgniter\View\View->render('bydates', [], true)
 4 APPPATH/Controllers/GoogleCharts.php(64): view('bydates', [...])
 5 SYSTEMPATH/CodeIgniter.php(902): App\Controllers\GoogleCharts->viadates()
 6 SYSTEMPATH/CodeIgniter.php(457): CodeIgniter\CodeIgniter->runController(Object(App\Controllers\GoogleCharts))
 7 SYSTEMPATH/CodeIgniter.php(340): CodeIgniter\CodeIgniter->handleRequest(null, Object(Config\Cache), false)
 8 FCPATH/index.php(67): CodeIgniter\CodeIgniter->run()
 9 SYSTEMPATH/Commands/Server/rewrite.php(46): require_once('FCPATH/index.php')
CRITICAL - 2022-12-11 18:18:26 --> Object of class stdClass could not be converted to string
in APPPATH/Views/bydates.php on line 31.
 1 SYSTEMPATH/View/View.php(213): include()
 2 SYSTEMPATH/View/View.php(216): CodeIgniter\View\View->CodeIgniter\View\{closure}()
 3 SYSTEMPATH/Common.php(1142): CodeIgniter\View\View->render('bydates', [], true)
 4 APPPATH/Controllers/GoogleCharts.php(64): view('bydates', [...])
 5 SYSTEMPATH/CodeIgniter.php(902): App\Controllers\GoogleCharts->viadates()
 6 SYSTEMPATH/CodeIgniter.php(457): CodeIgniter\CodeIgniter->runController(Object(App\Controllers\GoogleCharts))
 7 SYSTEMPATH/CodeIgniter.php(340): CodeIgniter\CodeIgniter->handleRequest(null, Object(Config\Cache), false)
 8 FCPATH/index.php(67): CodeIgniter\CodeIgniter->run()
 9 SYSTEMPATH/Commands/Server/rewrite.php(46): require_once('FCPATH/index.php')
CRITICAL - 2022-12-11 18:19:25 --> Object of class stdClass could not be converted to string
in APPPATH/Views/bydates.php on line 31.
 1 SYSTEMPATH/View/View.php(213): include()
 2 SYSTEMPATH/View/View.php(216): CodeIgniter\View\View->CodeIgniter\View\{closure}()
 3 SYSTEMPATH/Common.php(1142): CodeIgniter\View\View->render('bydates', [], true)
 4 APPPATH/Controllers/GoogleCharts.php(64): view('bydates', [...])
 5 SYSTEMPATH/CodeIgniter.php(902): App\Controllers\GoogleCharts->viadates()
 6 SYSTEMPATH/CodeIgniter.php(457): CodeIgniter\CodeIgniter->runController(Object(App\Controllers\GoogleCharts))
 7 SYSTEMPATH/CodeIgniter.php(340): CodeIgniter\CodeIgniter->handleRequest(null, Object(Config\Cache), false)
 8 FCPATH/index.php(67): CodeIgniter\CodeIgniter->run()
 9 SYSTEMPATH/Commands/Server/rewrite.php(46): require_once('FCPATH/index.php')
CRITICAL - 2022-12-11 18:24:45 --> Object of class stdClass could not be converted to string
in APPPATH/Views/bydates.php on line 32.
 1 SYSTEMPATH/View/View.php(213): include()
 2 SYSTEMPATH/View/View.php(216): CodeIgniter\View\View->CodeIgniter\View\{closure}()
 3 SYSTEMPATH/Common.php(1142): CodeIgniter\View\View->render('bydates', [], true)
 4 APPPATH/Controllers/GoogleCharts.php(64): view('bydates', [...])
 5 SYSTEMPATH/CodeIgniter.php(902): App\Controllers\GoogleCharts->viadates()
 6 SYSTEMPATH/CodeIgniter.php(457): CodeIgniter\CodeIgniter->runController(Object(App\Controllers\GoogleCharts))
 7 SYSTEMPATH/CodeIgniter.php(340): CodeIgniter\CodeIgniter->handleRequest(null, Object(Config\Cache), false)
 8 FCPATH/index.php(67): CodeIgniter\CodeIgniter->run()
 9 SYSTEMPATH/Commands/Server/rewrite.php(46): require_once('FCPATH/index.php')
ERROR - 2022-12-11 19:20:30 --> mysqli_sql_exception: You have an error in your SQL syntax; check the manual that corresponds to your MySQL server version for the right syntax to use near 'PK asc' at line 1 in /storage/emulated/0/htdocs/johninventory/system/Database/MySQLi/Connection.php:292
Stack trace:
#0 /storage/emulated/0/htdocs/johninventory/system/Database/MySQLi/Connection.php(292): mysqli->query('SELECT thedate,...', 0)
#1 /storage/emulated/0/htdocs/johninventory/system/Database/BaseConnection.php(693): CodeIgniter\Database\MySQLi\Connection->execute('SELECT thedate,...')
#2 /storage/emulated/0/htdocs/johninventory/system/Database/BaseConnection.php(620): CodeIgniter\Database\BaseConnection->simpleQuery('SELECT thedate,...')
#3 /storage/emulated/0/htdocs/johninventory/app/Controllers/GoogleCharts.php(74): CodeIgniter\Database\BaseConnection->query('SELECT thedate,...')
#4 /storage/emulated/0/htdocs/johninventory/system/CodeIgniter.php(902): App\Controllers\GoogleCharts->getitemsbydateajax()
#5 /storage/emulated/0/htdocs/johninventory/system/CodeIgniter.php(457): CodeIgniter\CodeIgniter->runController(Object(App\Controllers\GoogleCharts))
#6 /storage/emulated/0/htdocs/johninventory/system/CodeIgniter.php(340): CodeIgniter\CodeIgniter->handleRequest(NULL, Object(Config\Cache), false)
#7 /storage/emulated/0/htdocs/johninventory/public/index.php(67): CodeIgniter\CodeIgniter->run()
#8 /storage/emulated/0/htdocs/johninventory/system/Commands/Server/rewrite.php(46): require_once('/storage/emulat...')
#9 {main}
CRITICAL - 2022-12-11 19:20:30 --> You have an error in your SQL syntax; check the manual that corresponds to your MySQL server version for the right syntax to use near 'PK asc' at line 1
in SYSTEMPATH/Database/MySQLi/Connection.php on line 292.
 1 SYSTEMPATH/Database/MySQLi/Connection.php(292): mysqli->query('SELECT thedate, store_name, item_name, price_per_unit, n_units from grocery where thedate=\'20220105\' order by thedate PK asc', 0)
 2 SYSTEMPATH/Database/BaseConnection.php(693): CodeIgniter\Database\MySQLi\Connection->execute('SELECT thedate, store_name, item_name, price_per_unit, n_units from grocery where thedate=\'20220105\' order by thedate PK asc')
 3 SYSTEMPATH/Database/BaseConnection.php(620): CodeIgniter\Database\BaseConnection->simpleQuery('SELECT thedate, store_name, item_name, price_per_unit, n_units from grocery where thedate=\'20220105\' order by thedate PK asc')
 4 APPPATH/Controllers/GoogleCharts.php(74): CodeIgniter\Database\BaseConnection->query('SELECT thedate, store_name, item_name, price_per_unit, n_units from grocery where thedate=\'20220105\' order by thedate PK asc')
 5 SYSTEMPATH/CodeIgniter.php(902): App\Controllers\GoogleCharts->getitemsbydateajax()
 6 SYSTEMPATH/CodeIgniter.php(457): CodeIgniter\CodeIgniter->runController(Object(App\Controllers\GoogleCharts))
 7 SYSTEMPATH/CodeIgniter.php(340): CodeIgniter\CodeIgniter->handleRequest(null, Object(Config\Cache), false)
 8 FCPATH/index.php(67): CodeIgniter\CodeIgniter->run()
 9 SYSTEMPATH/Commands/Server/rewrite.php(46): require_once('FCPATH/index.php')
