ERROR - 2022-11-21 16:46:26 --> Session: Unable to obtain lock for file '/storage/emulated/0/htdocs/appstarter/writable/session/ci_sessiona95111b9f241d00c8803cef72c8b732111175362'.
CRITICAL - 2022-11-21 16:46:26 --> session_start(): Failed to read session data: user (path: /storage/emulated/0/htdocs/appstarter/writable/session)
in SYSTEMPATH/Session/Session.php on line 920.
 1 [internal function]: CodeIgniter\Debug\Exceptions->errorHandler(2, 'session_start(): Failed to read session data: user (path: /storage/emulated/0/htdocs/appstarter/writable/session)', 'SYSTEMPATH/Session/Session.php', 920)
 2 SYSTEMPATH/Session/Session.php(920): session_start()
 3 SYSTEMPATH/Session/Session.php(242): CodeIgniter\Session\Session->startSession()
 4 SYSTEMPATH/Config/Services.php(665): CodeIgniter\Session\Session->start()
 5 SYSTEMPATH/Config/BaseService.php(253): CodeIgniter\Config\Services::session(Object(Config\App), false)
 6 SYSTEMPATH/Config/BaseService.php(194): CodeIgniter\Config\BaseService::__callStatic('session', [...])
 7 SYSTEMPATH/Config/Services.php(637): CodeIgniter\Config\BaseService::getSharedInstance('session', null)
 8 SYSTEMPATH/Config/BaseService.php(253): CodeIgniter\Config\Services::session()
 9 SYSTEMPATH/Common.php(939): CodeIgniter\Config\BaseService::__callStatic('session', [])
10 APPPATH/Views/news/create.php(3): session()
11 SYSTEMPATH/View/View.php(213): include('APPPATH/Views/news/create.php')
12 SYSTEMPATH/View/View.php(216): CodeIgniter\View\View->CodeIgniter\View\{closure}()
13 SYSTEMPATH/Common.php(1142): CodeIgniter\View\View->render('news/create', [], true)
14 APPPATH/Controllers/News.php(58): view('news/create')
15 SYSTEMPATH/CodeIgniter.php(902): App\Controllers\News->create()
16 SYSTEMPATH/CodeIgniter.php(457): CodeIgniter\CodeIgniter->runController(Object(App\Controllers\News))
17 SYSTEMPATH/CodeIgniter.php(340): CodeIgniter\CodeIgniter->handleRequest(null, Object(Config\Cache), false)
18 FCPATH/index.php(67): CodeIgniter\CodeIgniter->run()
19 SYSTEMPATH/Commands/Server/rewrite.php(46): require_once('FCPATH/index.php')
ERROR - 2022-11-21 16:46:55 --> Session: Unable to obtain lock for file '/storage/emulated/0/htdocs/appstarter/writable/session/ci_sessiona95111b9f241d00c8803cef72c8b732111175362'.
CRITICAL - 2022-11-21 16:46:55 --> session_start(): Failed to read session data: user (path: /storage/emulated/0/htdocs/appstarter/writable/session)
in SYSTEMPATH/Session/Session.php on line 920.
 1 [internal function]: CodeIgniter\Debug\Exceptions->errorHandler(2, 'session_start(): Failed to read session data: user (path: /storage/emulated/0/htdocs/appstarter/writable/session)', 'SYSTEMPATH/Session/Session.php', 920)
 2 SYSTEMPATH/Session/Session.php(920): session_start()
 3 SYSTEMPATH/Session/Session.php(242): CodeIgniter\Session\Session->startSession()
 4 SYSTEMPATH/Config/Services.php(665): CodeIgniter\Session\Session->start()
 5 SYSTEMPATH/Config/BaseService.php(253): CodeIgniter\Config\Services::session(Object(Config\App), false)
 6 SYSTEMPATH/Config/BaseService.php(194): CodeIgniter\Config\BaseService::__callStatic('session', [...])
 7 SYSTEMPATH/Config/Services.php(637): CodeIgniter\Config\BaseService::getSharedInstance('session', null)
 8 SYSTEMPATH/Config/BaseService.php(253): CodeIgniter\Config\Services::session()
 9 SYSTEMPATH/Common.php(939): CodeIgniter\Config\BaseService::__callStatic('session', [])
10 APPPATH/Views/news/create.php(3): session()
11 SYSTEMPATH/View/View.php(213): include('APPPATH/Views/news/create.php')
12 SYSTEMPATH/View/View.php(216): CodeIgniter\View\View->CodeIgniter\View\{closure}()
13 SYSTEMPATH/Common.php(1142): CodeIgniter\View\View->render('news/create', [], true)
14 APPPATH/Controllers/News.php(58): view('news/create')
15 SYSTEMPATH/CodeIgniter.php(902): App\Controllers\News->create()
16 SYSTEMPATH/CodeIgniter.php(457): CodeIgniter\CodeIgniter->runController(Object(App\Controllers\News))
17 SYSTEMPATH/CodeIgniter.php(340): CodeIgniter\CodeIgniter->handleRequest(null, Object(Config\Cache), false)
18 FCPATH/index.php(67): CodeIgniter\CodeIgniter->run()
19 SYSTEMPATH/Commands/Server/rewrite.php(46): require_once('FCPATH/index.php')
