ERROR - 2022-11-29 22:07:53 --> Error connecting to the database: mysqli_sql_exception: No such file or directory in /storage/emulated/0/htdocs/johninventory/system/Database/MySQLi/Connection.php:171
Stack trace:
#0 /storage/emulated/0/htdocs/johninventory/system/Database/MySQLi/Connection.php(171): mysqli->real_connect('localhost', '', '', '', 3306, '', 0)
#1 /storage/emulated/0/htdocs/johninventory/system/Database/BaseConnection.php(382): CodeIgniter\Database\MySQLi\Connection->connect(false)
#2 /storage/emulated/0/htdocs/johninventory/system/Database/BaseConnection.php(588): CodeIgniter\Database\BaseConnection->initialize()
#3 /storage/emulated/0/htdocs/johninventory/system/Database/BaseBuilder.php(1585): CodeIgniter\Database\BaseConnection->query('SELECT *\nFROM `...', Array, false)
#4 /storage/emulated/0/htdocs/johninventory/system/Model.php(223): CodeIgniter\Database\BaseBuilder->get()
#5 /storage/emulated/0/htdocs/johninventory/system/BaseModel.php(584): CodeIgniter\Model->doFindAll(0, 0)
#6 /storage/emulated/0/htdocs/johninventory/app/Models/NewsModel.php(15): CodeIgniter\BaseModel->findAll()
#7 /storage/emulated/0/htdocs/johninventory/app/Controllers/News.php(14): App\Models\NewsModel->getNews()
#8 /storage/emulated/0/htdocs/johninventory/system/CodeIgniter.php(902): App\Controllers\News->index()
#9 /storage/emulated/0/htdocs/johninventory/system/CodeIgniter.php(457): CodeIgniter\CodeIgniter->runController(Object(App\Controllers\News))
#10 /storage/emulated/0/htdocs/johninventory/system/CodeIgniter.php(340): CodeIgniter\CodeIgniter->handleRequest(NULL, Object(Config\Cache), false)
#11 /storage/emulated/0/htdocs/johninventory/public/index.php(67): CodeIgniter\CodeIgniter->run()
#12 /storage/emulated/0/htdocs/johninventory/system/Commands/Server/rewrite.php(46): require_once('/storage/emulat...')
#13 {main}

Next CodeIgniter\Database\Exceptions\DatabaseException: No such file or directory in /storage/emulated/0/htdocs/johninventory/system/Database/MySQLi/Connection.php:215
Stack trace:
#0 /storage/emulated/0/htdocs/johninventory/system/Database/BaseConnection.php(382): CodeIgniter\Database\MySQLi\Connection->connect(false)
#1 /storage/emulated/0/htdocs/johninventory/system/Database/BaseConnection.php(588): CodeIgniter\Database\BaseConnection->initialize()
#2 /storage/emulated/0/htdocs/johninventory/system/Database/BaseBuilder.php(1585): CodeIgniter\Database\BaseConnection->query('SELECT *\nFROM `...', Array, false)
#3 /storage/emulated/0/htdocs/johninventory/system/Model.php(223): CodeIgniter\Database\BaseBuilder->get()
#4 /storage/emulated/0/htdocs/johninventory/system/BaseModel.php(584): CodeIgniter\Model->doFindAll(0, 0)
#5 /storage/emulated/0/htdocs/johninventory/app/Models/NewsModel.php(15): CodeIgniter\BaseModel->findAll()
#6 /storage/emulated/0/htdocs/johninventory/app/Controllers/News.php(14): App\Models\NewsModel->getNews()
#7 /storage/emulated/0/htdocs/johninventory/system/CodeIgniter.php(902): App\Controllers\News->index()
#8 /storage/emulated/0/htdocs/johninventory/system/CodeIgniter.php(457): CodeIgniter\CodeIgniter->runController(Object(App\Controllers\News))
#9 /storage/emulated/0/htdocs/johninventory/system/CodeIgniter.php(340): CodeIgniter\CodeIgniter->handleRequest(NULL, Object(Config\Cache), false)
#10 /storage/emulated/0/htdocs/johninventory/public/index.php(67): CodeIgniter\CodeIgniter->run()
#11 /storage/emulated/0/htdocs/johninventory/system/Commands/Server/rewrite.php(46): require_once('/storage/emulat...')
#12 {main}
CRITICAL - 2022-11-29 22:07:53 --> Unable to connect to the database.
Main connection [MySQLi]: No such file or directory
in SYSTEMPATH/Database/BaseConnection.php on line 418.
 1 SYSTEMPATH/Database/BaseConnection.php(588): CodeIgniter\Database\BaseConnection->initialize()
 2 SYSTEMPATH/Database/BaseBuilder.php(1585): CodeIgniter\Database\BaseConnection->query('SELECT *
FROM `news`', [], false)
 3 SYSTEMPATH/Model.php(223): CodeIgniter\Database\BaseBuilder->get()
 4 SYSTEMPATH/BaseModel.php(584): CodeIgniter\Model->doFindAll(0, 0)
 5 APPPATH/Models/NewsModel.php(15): CodeIgniter\BaseModel->findAll()
 6 APPPATH/Controllers/News.php(14): App\Models\NewsModel->getNews()
 7 SYSTEMPATH/CodeIgniter.php(902): App\Controllers\News->index()
 8 SYSTEMPATH/CodeIgniter.php(457): CodeIgniter\CodeIgniter->runController(Object(App\Controllers\News))
 9 SYSTEMPATH/CodeIgniter.php(340): CodeIgniter\CodeIgniter->handleRequest(null, Object(Config\Cache), false)
10 FCPATH/index.php(67): CodeIgniter\CodeIgniter->run()
11 SYSTEMPATH/Commands/Server/rewrite.php(46): require_once('FCPATH/index.php')
ERROR - 2022-11-29 22:09:02 --> Error connecting to the database: mysqli_sql_exception: No such file or directory in /storage/emulated/0/htdocs/johninventory/system/Database/MySQLi/Connection.php:171
Stack trace:
#0 /storage/emulated/0/htdocs/johninventory/system/Database/MySQLi/Connection.php(171): mysqli->real_connect('localhost', '', '', '', 3306, '', 0)
#1 /storage/emulated/0/htdocs/johninventory/system/Database/BaseConnection.php(382): CodeIgniter\Database\MySQLi\Connection->connect(false)
#2 /storage/emulated/0/htdocs/johninventory/system/Database/BaseConnection.php(588): CodeIgniter\Database\BaseConnection->initialize()
#3 /storage/emulated/0/htdocs/johninventory/system/Database/BaseBuilder.php(1585): CodeIgniter\Database\BaseConnection->query('SELECT *\nFROM `...', Array, false)
#4 /storage/emulated/0/htdocs/johninventory/system/Model.php(223): CodeIgniter\Database\BaseBuilder->get()
#5 /storage/emulated/0/htdocs/johninventory/system/BaseModel.php(584): CodeIgniter\Model->doFindAll(0, 0)
#6 /storage/emulated/0/htdocs/johninventory/app/Models/NewsModel.php(15): CodeIgniter\BaseModel->findAll()
#7 /storage/emulated/0/htdocs/johninventory/app/Controllers/News.php(14): App\Models\NewsModel->getNews()
#8 /storage/emulated/0/htdocs/johninventory/system/CodeIgniter.php(902): App\Controllers\News->index()
#9 /storage/emulated/0/htdocs/johninventory/system/CodeIgniter.php(457): CodeIgniter\CodeIgniter->runController(Object(App\Controllers\News))
#10 /storage/emulated/0/htdocs/johninventory/system/CodeIgniter.php(340): CodeIgniter\CodeIgniter->handleRequest(NULL, Object(Config\Cache), false)
#11 /storage/emulated/0/htdocs/johninventory/public/index.php(67): CodeIgniter\CodeIgniter->run()
#12 /storage/emulated/0/htdocs/johninventory/system/Commands/Server/rewrite.php(46): require_once('/storage/emulat...')
#13 {main}

Next CodeIgniter\Database\Exceptions\DatabaseException: No such file or directory in /storage/emulated/0/htdocs/johninventory/system/Database/MySQLi/Connection.php:215
Stack trace:
#0 /storage/emulated/0/htdocs/johninventory/system/Database/BaseConnection.php(382): CodeIgniter\Database\MySQLi\Connection->connect(false)
#1 /storage/emulated/0/htdocs/johninventory/system/Database/BaseConnection.php(588): CodeIgniter\Database\BaseConnection->initialize()
#2 /storage/emulated/0/htdocs/johninventory/system/Database/BaseBuilder.php(1585): CodeIgniter\Database\BaseConnection->query('SELECT *\nFROM `...', Array, false)
#3 /storage/emulated/0/htdocs/johninventory/system/Model.php(223): CodeIgniter\Database\BaseBuilder->get()
#4 /storage/emulated/0/htdocs/johninventory/system/BaseModel.php(584): CodeIgniter\Model->doFindAll(0, 0)
#5 /storage/emulated/0/htdocs/johninventory/app/Models/NewsModel.php(15): CodeIgniter\BaseModel->findAll()
#6 /storage/emulated/0/htdocs/johninventory/app/Controllers/News.php(14): App\Models\NewsModel->getNews()
#7 /storage/emulated/0/htdocs/johninventory/system/CodeIgniter.php(902): App\Controllers\News->index()
#8 /storage/emulated/0/htdocs/johninventory/system/CodeIgniter.php(457): CodeIgniter\CodeIgniter->runController(Object(App\Controllers\News))
#9 /storage/emulated/0/htdocs/johninventory/system/CodeIgniter.php(340): CodeIgniter\CodeIgniter->handleRequest(NULL, Object(Config\Cache), false)
#10 /storage/emulated/0/htdocs/johninventory/public/index.php(67): CodeIgniter\CodeIgniter->run()
#11 /storage/emulated/0/htdocs/johninventory/system/Commands/Server/rewrite.php(46): require_once('/storage/emulat...')
#12 {main}
CRITICAL - 2022-11-29 22:09:02 --> Unable to connect to the database.
Main connection [MySQLi]: No such file or directory
in SYSTEMPATH/Database/BaseConnection.php on line 418.
 1 SYSTEMPATH/Database/BaseConnection.php(588): CodeIgniter\Database\BaseConnection->initialize()
 2 SYSTEMPATH/Database/BaseBuilder.php(1585): CodeIgniter\Database\BaseConnection->query('SELECT *
FROM `news`', [], false)
 3 SYSTEMPATH/Model.php(223): CodeIgniter\Database\BaseBuilder->get()
 4 SYSTEMPATH/BaseModel.php(584): CodeIgniter\Model->doFindAll(0, 0)
 5 APPPATH/Models/NewsModel.php(15): CodeIgniter\BaseModel->findAll()
 6 APPPATH/Controllers/News.php(14): App\Models\NewsModel->getNews()
 7 SYSTEMPATH/CodeIgniter.php(902): App\Controllers\News->index()
 8 SYSTEMPATH/CodeIgniter.php(457): CodeIgniter\CodeIgniter->runController(Object(App\Controllers\News))
 9 SYSTEMPATH/CodeIgniter.php(340): CodeIgniter\CodeIgniter->handleRequest(null, Object(Config\Cache), false)
10 FCPATH/index.php(67): CodeIgniter\CodeIgniter->run()
11 SYSTEMPATH/Commands/Server/rewrite.php(46): require_once('FCPATH/index.php')
CRITICAL - 2022-11-29 22:17:28 --> include(assets/grocery_crud/languages/English.php): failed to open stream: No such file or directory
in APPPATH/Libraries/GroceryCrud.php on line 3979.
 1 APPPATH/Libraries/GroceryCrud.php(3979): CodeIgniter\Debug\Exceptions->errorHandler(2, 'include(assets/grocery_crud/languages/English.php): failed to open stream: No such file or directory', 'APPPATH/Libraries/GroceryCrud.php', 3979, [])
 2 APPPATH/Libraries/GroceryCrud.php(3979): include()
 3 APPPATH/Libraries/GroceryCrud.php(4443): App\Libraries\GroceryCrud->_load_language()
 4 APPPATH/Libraries/GroceryCrud.php(4467): App\Libraries\GroceryCrud->pre_render()
 5 APPPATH/Controllers/Examples.php(13): App\Libraries\GroceryCrud->render()
 6 SYSTEMPATH/CodeIgniter.php(902): App\Controllers\Examples->customers_management()
 7 SYSTEMPATH/CodeIgniter.php(457): CodeIgniter\CodeIgniter->runController(Object(App\Controllers\Examples))
 8 SYSTEMPATH/CodeIgniter.php(340): CodeIgniter\CodeIgniter->handleRequest(null, Object(Config\Cache), false)
 9 FCPATH/index.php(67): CodeIgniter\CodeIgniter->run()
10 SYSTEMPATH/Commands/Server/rewrite.php(46): require_once('FCPATH/index.php')
ERROR - 2022-11-29 22:19:00 --> Error connecting to the database: mysqli_sql_exception: No such file or directory in /storage/emulated/0/htdocs/johninventory/system/Database/MySQLi/Connection.php:171
Stack trace:
#0 /storage/emulated/0/htdocs/johninventory/system/Database/MySQLi/Connection.php(171): mysqli->real_connect('localhost', '', '', '', 3306, '', 0)
#1 /storage/emulated/0/htdocs/johninventory/system/Database/BaseConnection.php(382): CodeIgniter\Database\MySQLi\Connection->connect(false)
#2 /storage/emulated/0/htdocs/johninventory/system/Database/BaseConnection.php(588): CodeIgniter\Database\BaseConnection->initialize()
#3 /storage/emulated/0/htdocs/johninventory/system/Database/BaseConnection.php(1387): CodeIgniter\Database\BaseConnection->query('SHOW TABLES FRO...')
#4 /storage/emulated/0/htdocs/johninventory/system/Database/BaseConnection.php(1421): CodeIgniter\Database\BaseConnection->listTables()
#5 /storage/emulated/0/htdocs/johninventory/app/Models/GroceryCrudModel.php(43): CodeIgniter\Database\BaseConnection->tableExists('customers')
#6 /storage/emulated/0/htdocs/johninventory/app/Libraries/GroceryCrud.php(635): App\Models\GroceryCrudModel->db_table_exists('customers')
#7 /storage/emulated/0/htdocs/johninventory/app/Libraries/GroceryCrud.php(4970): App\Libraries\grocery_CRUD_Model_Driver->table_exists('customers')
#8 /storage/emulated/0/htdocs/johninventory/app/Libraries/GroceryCrud.php(4450): App\Libraries\GroceryCrud->get_table()
#9 /storage/emulated/0/htdocs/johninventory/app/Libraries/GroceryCrud.php(4467): App\Libraries\GroceryCrud->pre_render()
#10 /storage/emulated/0/htdocs/johninventory/app/Controllers/Examples.php(13): App\Libraries\GroceryCrud->render()
#11 /storage/emulated/0/htdocs/johninventory/system/CodeIgniter.php(902): App\Controllers\Examples->customers_management()
#12 /storage/emulated/0/htdocs/johninventory/system/CodeIgniter.php(457): CodeIgniter\CodeIgniter->runController(Object(App\Controllers\Examples))
#13 /storage/emulated/0/htdocs/johninventory/system/CodeIgniter.php(340): CodeIgniter\CodeIgniter->handleRequest(NULL, Object(Config\Cache), false)
#14 /storage/emulated/0/htdocs/johninventory/public/index.php(67): CodeIgniter\CodeIgniter->run()
#15 /storage/emulated/0/htdocs/johninventory/system/Commands/Server/rewrite.php(46): require_once('/storage/emulat...')
#16 {main}

Next CodeIgniter\Database\Exceptions\DatabaseException: No such file or directory in /storage/emulated/0/htdocs/johninventory/system/Database/MySQLi/Connection.php:215
Stack trace:
#0 /storage/emulated/0/htdocs/johninventory/system/Database/BaseConnection.php(382): CodeIgniter\Database\MySQLi\Connection->connect(false)
#1 /storage/emulated/0/htdocs/johninventory/system/Database/BaseConnection.php(588): CodeIgniter\Database\BaseConnection->initialize()
#2 /storage/emulated/0/htdocs/johninventory/system/Database/BaseConnection.php(1387): CodeIgniter\Database\BaseConnection->query('SHOW TABLES FRO...')
#3 /storage/emulated/0/htdocs/johninventory/system/Database/BaseConnection.php(1421): CodeIgniter\Database\BaseConnection->listTables()
#4 /storage/emulated/0/htdocs/johninventory/app/Models/GroceryCrudModel.php(43): CodeIgniter\Database\BaseConnection->tableExists('customers')
#5 /storage/emulated/0/htdocs/johninventory/app/Libraries/GroceryCrud.php(635): App\Models\GroceryCrudModel->db_table_exists('customers')
#6 /storage/emulated/0/htdocs/johninventory/app/Libraries/GroceryCrud.php(4970): App\Libraries\grocery_CRUD_Model_Driver->table_exists('customers')
#7 /storage/emulated/0/htdocs/johninventory/app/Libraries/GroceryCrud.php(4450): App\Libraries\GroceryCrud->get_table()
#8 /storage/emulated/0/htdocs/johninventory/app/Libraries/GroceryCrud.php(4467): App\Libraries\GroceryCrud->pre_render()
#9 /storage/emulated/0/htdocs/johninventory/app/Controllers/Examples.php(13): App\Libraries\GroceryCrud->render()
#10 /storage/emulated/0/htdocs/johninventory/system/CodeIgniter.php(902): App\Controllers\Examples->customers_management()
#11 /storage/emulated/0/htdocs/johninventory/system/CodeIgniter.php(457): CodeIgniter\CodeIgniter->runController(Object(App\Controllers\Examples))
#12 /storage/emulated/0/htdocs/johninventory/system/CodeIgniter.php(340): CodeIgniter\CodeIgniter->handleRequest(NULL, Object(Config\Cache), false)
#13 /storage/emulated/0/htdocs/johninventory/public/index.php(67): CodeIgniter\CodeIgniter->run()
#14 /storage/emulated/0/htdocs/johninventory/system/Commands/Server/rewrite.php(46): require_once('/storage/emulat...')
#15 {main}
CRITICAL - 2022-11-29 22:19:00 --> Unable to connect to the database.
Main connection [MySQLi]: No such file or directory
in SYSTEMPATH/Database/BaseConnection.php on line 418.
 1 SYSTEMPATH/Database/BaseConnection.php(588): CodeIgniter\Database\BaseConnection->initialize()
 2 SYSTEMPATH/Database/BaseConnection.php(1387): CodeIgniter\Database\BaseConnection->query('SHOW TABLES FROM ')
 3 SYSTEMPATH/Database/BaseConnection.php(1421): CodeIgniter\Database\BaseConnection->listTables()
 4 APPPATH/Models/GroceryCrudModel.php(43): CodeIgniter\Database\BaseConnection->tableExists('customers')
 5 APPPATH/Libraries/GroceryCrud.php(635): App\Models\GroceryCrudModel->db_table_exists('customers')
 6 APPPATH/Libraries/GroceryCrud.php(4970): App\Libraries\grocery_CRUD_Model_Driver->table_exists('customers')
 7 APPPATH/Libraries/GroceryCrud.php(4450): App\Libraries\GroceryCrud->get_table()
 8 APPPATH/Libraries/GroceryCrud.php(4467): App\Libraries\GroceryCrud->pre_render()
 9 APPPATH/Controllers/Examples.php(13): App\Libraries\GroceryCrud->render()
10 SYSTEMPATH/CodeIgniter.php(902): App\Controllers\Examples->customers_management()
11 SYSTEMPATH/CodeIgniter.php(457): CodeIgniter\CodeIgniter->runController(Object(App\Controllers\Examples))
12 SYSTEMPATH/CodeIgniter.php(340): CodeIgniter\CodeIgniter->handleRequest(null, Object(Config\Cache), false)
13 FCPATH/index.php(67): CodeIgniter\CodeIgniter->run()
14 SYSTEMPATH/Commands/Server/rewrite.php(46): require_once('FCPATH/index.php')
CRITICAL - 2022-11-29 22:22:08 --> The table name does not exist. Please check you database and try again.
in APPPATH/Libraries/GroceryCrud.php on line 4971.
 1 APPPATH/Libraries/GroceryCrud.php(4450): App\Libraries\GroceryCrud->get_table()
 2 APPPATH/Libraries/GroceryCrud.php(4467): App\Libraries\GroceryCrud->pre_render()
 3 APPPATH/Controllers/Examples.php(13): App\Libraries\GroceryCrud->render()
 4 SYSTEMPATH/CodeIgniter.php(902): App\Controllers\Examples->customers_management()
 5 SYSTEMPATH/CodeIgniter.php(457): CodeIgniter\CodeIgniter->runController(Object(App\Controllers\Examples))
 6 SYSTEMPATH/CodeIgniter.php(340): CodeIgniter\CodeIgniter->handleRequest(null, Object(Config\Cache), false)
 7 FCPATH/index.php(67): CodeIgniter\CodeIgniter->run()
 8 SYSTEMPATH/Commands/Server/rewrite.php(46): require_once('FCPATH/index.php')
CRITICAL - 2022-11-29 22:23:55 --> The table name does not exist. Please check you database and try again.
in APPPATH/Libraries/GroceryCrud.php on line 4971.
 1 APPPATH/Libraries/GroceryCrud.php(4450): App\Libraries\GroceryCrud->get_table()
 2 APPPATH/Libraries/GroceryCrud.php(4467): App\Libraries\GroceryCrud->pre_render()
 3 APPPATH/Controllers/Examples.php(13): App\Libraries\GroceryCrud->render()
 4 SYSTEMPATH/CodeIgniter.php(902): App\Controllers\Examples->customers_management()
 5 SYSTEMPATH/CodeIgniter.php(457): CodeIgniter\CodeIgniter->runController(Object(App\Controllers\Examples))
 6 SYSTEMPATH/CodeIgniter.php(340): CodeIgniter\CodeIgniter->handleRequest(null, Object(Config\Cache), false)
 7 FCPATH/index.php(67): CodeIgniter\CodeIgniter->run()
 8 SYSTEMPATH/Commands/Server/rewrite.php(46): require_once('FCPATH/index.php')
CRITICAL - 2022-11-29 22:23:59 --> The table name does not exist. Please check you database and try again.
in APPPATH/Libraries/GroceryCrud.php on line 4971.
 1 APPPATH/Libraries/GroceryCrud.php(4450): App\Libraries\GroceryCrud->get_table()
 2 APPPATH/Libraries/GroceryCrud.php(4467): App\Libraries\GroceryCrud->pre_render()
 3 APPPATH/Controllers/Examples.php(13): App\Libraries\GroceryCrud->render()
 4 SYSTEMPATH/CodeIgniter.php(902): App\Controllers\Examples->customers_management()
 5 SYSTEMPATH/CodeIgniter.php(457): CodeIgniter\CodeIgniter->runController(Object(App\Controllers\Examples))
 6 SYSTEMPATH/CodeIgniter.php(340): CodeIgniter\CodeIgniter->handleRequest(null, Object(Config\Cache), false)
 7 FCPATH/index.php(67): CodeIgniter\CodeIgniter->run()
 8 SYSTEMPATH/Commands/Server/rewrite.php(46): require_once('FCPATH/index.php')
CRITICAL - 2022-11-29 23:33:39 --> syntax error, unexpected 'echo' (T_ECHO)
in APPPATH/Views/example.php on line 9.
 1 SYSTEMPATH/View/View.php(216): CodeIgniter\View\View->CodeIgniter\View\{closure}()
 2 SYSTEMPATH/Common.php(1142): CodeIgniter\View\View->render('example', [], true)
 3 APPPATH/Controllers/Examples.php(110): view('example', [...])
 4 APPPATH/Controllers/Examples.php(15): App\Controllers\Examples->_exampleOutput(Object(stdClass))
 5 SYSTEMPATH/CodeIgniter.php(902): App\Controllers\Examples->customers_management()
 6 SYSTEMPATH/CodeIgniter.php(457): CodeIgniter\CodeIgniter->runController(Object(App\Controllers\Examples))
 7 SYSTEMPATH/CodeIgniter.php(340): CodeIgniter\CodeIgniter->handleRequest(null, Object(Config\Cache), false)
 8 FCPATH/index.php(67): CodeIgniter\CodeIgniter->run()
 9 SYSTEMPATH/Commands/Server/rewrite.php(46): require_once('FCPATH/index.php')
