ERROR - 2022-11-20 01:47:46 --> Error connecting to the database: mysqli_sql_exception: Connection refused in /storage/emulated/0/htdocs/appstarter/system/Database/MySQLi/Connection.php:171
Stack trace:
#0 /storage/emulated/0/htdocs/appstarter/system/Database/MySQLi/Connection.php(171): mysqli->real_connect('127.0.0.1', 'root', 'masterkey', 'appstarter', 3306, '', 0)
#1 /storage/emulated/0/htdocs/appstarter/system/Database/BaseConnection.php(382): CodeIgniter\Database\MySQLi\Connection->connect(false)
#2 /storage/emulated/0/htdocs/appstarter/system/Database/BaseConnection.php(588): CodeIgniter\Database\BaseConnection->initialize()
#3 /storage/emulated/0/htdocs/appstarter/system/Database/BaseBuilder.php(1585): CodeIgniter\Database\BaseConnection->query('SELECT *\nFROM `...', Array, false)
#4 /storage/emulated/0/htdocs/appstarter/system/Model.php(223): CodeIgniter\Database\BaseBuilder->get()
#5 /storage/emulated/0/htdocs/appstarter/system/BaseModel.php(584): CodeIgniter\Model->doFindAll(0, 0)
#6 /storage/emulated/0/htdocs/appstarter/app/Models/NewsModel.php(14): CodeIgniter\BaseModel->findAll()
#7 /storage/emulated/0/htdocs/appstarter/app/Controllers/News.php(14): App\Models\NewsModel->getNews()
#8 /storage/emulated/0/htdocs/appstarter/system/CodeIgniter.php(902): App\Controllers\News->index()
#9 /storage/emulated/0/htdocs/appstarter/system/CodeIgniter.php(457): CodeIgniter\CodeIgniter->runController(Object(App\Controllers\News))
#10 /storage/emulated/0/htdocs/appstarter/system/CodeIgniter.php(340): CodeIgniter\CodeIgniter->handleRequest(NULL, Object(Config\Cache), false)
#11 /storage/emulated/0/htdocs/appstarter/public/index.php(67): CodeIgniter\CodeIgniter->run()
#12 /storage/emulated/0/htdocs/appstarter/system/Commands/Server/rewrite.php(46): require_once('/storage/emulat...')
#13 {main}

Next CodeIgniter\Database\Exceptions\DatabaseException: Connection refused in /storage/emulated/0/htdocs/appstarter/system/Database/MySQLi/Connection.php:215
Stack trace:
#0 /storage/emulated/0/htdocs/appstarter/system/Database/BaseConnection.php(382): CodeIgniter\Database\MySQLi\Connection->connect(false)
#1 /storage/emulated/0/htdocs/appstarter/system/Database/BaseConnection.php(588): CodeIgniter\Database\BaseConnection->initialize()
#2 /storage/emulated/0/htdocs/appstarter/system/Database/BaseBuilder.php(1585): CodeIgniter\Database\BaseConnection->query('SELECT *\nFROM `...', Array, false)
#3 /storage/emulated/0/htdocs/appstarter/system/Model.php(223): CodeIgniter\Database\BaseBuilder->get()
#4 /storage/emulated/0/htdocs/appstarter/system/BaseModel.php(584): CodeIgniter\Model->doFindAll(0, 0)
#5 /storage/emulated/0/htdocs/appstarter/app/Models/NewsModel.php(14): CodeIgniter\BaseModel->findAll()
#6 /storage/emulated/0/htdocs/appstarter/app/Controllers/News.php(14): App\Models\NewsModel->getNews()
#7 /storage/emulated/0/htdocs/appstarter/system/CodeIgniter.php(902): App\Controllers\News->index()
#8 /storage/emulated/0/htdocs/appstarter/system/CodeIgniter.php(457): CodeIgniter\CodeIgniter->runController(Object(App\Controllers\News))
#9 /storage/emulated/0/htdocs/appstarter/system/CodeIgniter.php(340): CodeIgniter\CodeIgniter->handleRequest(NULL, Object(Config\Cache), false)
#10 /storage/emulated/0/htdocs/appstarter/public/index.php(67): CodeIgniter\CodeIgniter->run()
#11 /storage/emulated/0/htdocs/appstarter/system/Commands/Server/rewrite.php(46): require_once('/storage/emulat...')
#12 {main}
CRITICAL - 2022-11-20 01:47:46 --> Unable to connect to the database.
Main connection [MySQLi]: Connection refused
in SYSTEMPATH/Database/BaseConnection.php on line 418.
 1 SYSTEMPATH/Database/BaseConnection.php(588): CodeIgniter\Database\BaseConnection->initialize()
 2 SYSTEMPATH/Database/BaseBuilder.php(1585): CodeIgniter\Database\BaseConnection->query('SELECT *
FROM `news`', [], false)
 3 SYSTEMPATH/Model.php(223): CodeIgniter\Database\BaseBuilder->get()
 4 SYSTEMPATH/BaseModel.php(584): CodeIgniter\Model->doFindAll(0, 0)
 5 APPPATH/Models/NewsModel.php(14): CodeIgniter\BaseModel->findAll()
 6 APPPATH/Controllers/News.php(14): App\Models\NewsModel->getNews()
 7 SYSTEMPATH/CodeIgniter.php(902): App\Controllers\News->index()
 8 SYSTEMPATH/CodeIgniter.php(457): CodeIgniter\CodeIgniter->runController(Object(App\Controllers\News))
 9 SYSTEMPATH/CodeIgniter.php(340): CodeIgniter\CodeIgniter->handleRequest(null, Object(Config\Cache), false)
10 FCPATH/index.php(67): CodeIgniter\CodeIgniter->run()
11 SYSTEMPATH/Commands/Server/rewrite.php(46): require_once('FCPATH/index.php')
