CRITICAL - 2022-12-03 00:12:34 --> Too few arguments to function App\Controllers\GoogleCharts::itemprice(), 0 passed in /storage/emulated/0/htdocs/johninventory/system/CodeIgniter.php on line 902 and exactly 1 expected
in APPPATH/Controllers/GoogleCharts.php on line 37.
 1 SYSTEMPATH/CodeIgniter.php(902): App\Controllers\GoogleCharts->itemprice()
 2 SYSTEMPATH/CodeIgniter.php(457): CodeIgniter\CodeIgniter->runController(Object(App\Controllers\GoogleCharts))
 3 SYSTEMPATH/CodeIgniter.php(340): CodeIgniter\CodeIgniter->handleRequest(null, Object(Config\Cache), false)
 4 FCPATH/index.php(67): CodeIgniter\CodeIgniter->run()
 5 SYSTEMPATH/Commands/Server/rewrite.php(46): require_once('FCPATH/index.php')
CRITICAL - 2022-12-03 00:12:37 --> Too few arguments to function App\Controllers\GoogleCharts::itemprice(), 0 passed in /storage/emulated/0/htdocs/johninventory/system/CodeIgniter.php on line 902 and exactly 1 expected
in APPPATH/Controllers/GoogleCharts.php on line 37.
 1 SYSTEMPATH/CodeIgniter.php(902): App\Controllers\GoogleCharts->itemprice()
 2 SYSTEMPATH/CodeIgniter.php(457): CodeIgniter\CodeIgniter->runController(Object(App\Controllers\GoogleCharts))
 3 SYSTEMPATH/CodeIgniter.php(340): CodeIgniter\CodeIgniter->handleRequest(null, Object(Config\Cache), false)
 4 FCPATH/index.php(67): CodeIgniter\CodeIgniter->run()
 5 SYSTEMPATH/Commands/Server/rewrite.php(46): require_once('FCPATH/index.php')
CRITICAL - 2022-12-03 00:12:49 --> Too few arguments to function App\Controllers\GoogleCharts::itemprice(), 0 passed in /storage/emulated/0/htdocs/johninventory/system/CodeIgniter.php on line 902 and exactly 1 expected
in APPPATH/Controllers/GoogleCharts.php on line 37.
 1 SYSTEMPATH/CodeIgniter.php(902): App\Controllers\GoogleCharts->itemprice()
 2 SYSTEMPATH/CodeIgniter.php(457): CodeIgniter\CodeIgniter->runController(Object(App\Controllers\GoogleCharts))
 3 SYSTEMPATH/CodeIgniter.php(340): CodeIgniter\CodeIgniter->handleRequest(null, Object(Config\Cache), false)
 4 FCPATH/index.php(67): CodeIgniter\CodeIgniter->run()
 5 SYSTEMPATH/Commands/Server/rewrite.php(46): require_once('FCPATH/index.php')
CRITICAL - 2022-12-03 00:12:52 --> Too few arguments to function App\Controllers\GoogleCharts::itemprice(), 0 passed in /storage/emulated/0/htdocs/johninventory/system/CodeIgniter.php on line 902 and exactly 1 expected
in APPPATH/Controllers/GoogleCharts.php on line 37.
 1 SYSTEMPATH/CodeIgniter.php(902): App\Controllers\GoogleCharts->itemprice()
 2 SYSTEMPATH/CodeIgniter.php(457): CodeIgniter\CodeIgniter->runController(Object(App\Controllers\GoogleCharts))
 3 SYSTEMPATH/CodeIgniter.php(340): CodeIgniter\CodeIgniter->handleRequest(null, Object(Config\Cache), false)
 4 FCPATH/index.php(67): CodeIgniter\CodeIgniter->run()
 5 SYSTEMPATH/Commands/Server/rewrite.php(46): require_once('FCPATH/index.php')
CRITICAL - 2022-12-03 00:26:14 --> Too few arguments to function App\Controllers\GoogleCharts::itemprice(), 0 passed in /storage/emulated/0/htdocs/johninventory/system/CodeIgniter.php on line 902 and exactly 1 expected
in APPPATH/Controllers/GoogleCharts.php on line 37.
 1 SYSTEMPATH/CodeIgniter.php(902): App\Controllers\GoogleCharts->itemprice()
 2 SYSTEMPATH/CodeIgniter.php(457): CodeIgniter\CodeIgniter->runController(Object(App\Controllers\GoogleCharts))
 3 SYSTEMPATH/CodeIgniter.php(340): CodeIgniter\CodeIgniter->handleRequest(null, Object(Config\Cache), false)
 4 FCPATH/index.php(67): CodeIgniter\CodeIgniter->run()
 5 SYSTEMPATH/Commands/Server/rewrite.php(46): require_once('FCPATH/index.php')
CRITICAL - 2022-12-03 00:42:49 --> Undefined variable $hidphp
in APPPATH/Views/home.php on line 27.
 1 APPPATH/Views/home.php(27): CodeIgniter\Debug\Exceptions->errorHandler(2, 'Undefined variable $hidphp', 'APPPATH/Views/home.php', 27)
 2 SYSTEMPATH/View/View.php(213): include('APPPATH/Views/home.php')
 3 SYSTEMPATH/View/View.php(216): CodeIgniter\View\View->CodeIgniter\View\{closure}()
 4 SYSTEMPATH/Common.php(1142): CodeIgniter\View\View->render('home', [], true)
 5 APPPATH/Controllers/GoogleCharts.php(34): view('home', [...])
 6 SYSTEMPATH/CodeIgniter.php(902): App\Controllers\GoogleCharts->price()
 7 SYSTEMPATH/CodeIgniter.php(457): CodeIgniter\CodeIgniter->runController(Object(App\Controllers\GoogleCharts))
 8 SYSTEMPATH/CodeIgniter.php(340): CodeIgniter\CodeIgniter->handleRequest(null, Object(Config\Cache), false)
 9 FCPATH/index.php(67): CodeIgniter\CodeIgniter->run()
10 SYSTEMPATH/Commands/Server/rewrite.php(46): require_once('FCPATH/index.php')
CRITICAL - 2022-12-03 00:48:19 --> Unmatched '}'
in APPPATH/Views/home.php on line 32.
 1 SYSTEMPATH/View/View.php(216): CodeIgniter\View\View->CodeIgniter\View\{closure}()
 2 SYSTEMPATH/Common.php(1142): CodeIgniter\View\View->render('home', [], true)
 3 APPPATH/Controllers/GoogleCharts.php(34): view('home', [...])
 4 SYSTEMPATH/CodeIgniter.php(902): App\Controllers\GoogleCharts->price()
 5 SYSTEMPATH/CodeIgniter.php(457): CodeIgniter\CodeIgniter->runController(Object(App\Controllers\GoogleCharts))
 6 SYSTEMPATH/CodeIgniter.php(340): CodeIgniter\CodeIgniter->handleRequest(null, Object(Config\Cache), false)
 7 FCPATH/index.php(67): CodeIgniter\CodeIgniter->run()
 8 SYSTEMPATH/Commands/Server/rewrite.php(46): require_once('FCPATH/index.php')
CRITICAL - 2022-12-03 00:48:22 --> Unmatched '}'
in APPPATH/Views/home.php on line 32.
 1 SYSTEMPATH/View/View.php(216): CodeIgniter\View\View->CodeIgniter\View\{closure}()
 2 SYSTEMPATH/Common.php(1142): CodeIgniter\View\View->render('home', [], true)
 3 APPPATH/Controllers/GoogleCharts.php(34): view('home', [...])
 4 SYSTEMPATH/CodeIgniter.php(902): App\Controllers\GoogleCharts->price()
 5 SYSTEMPATH/CodeIgniter.php(457): CodeIgniter\CodeIgniter->runController(Object(App\Controllers\GoogleCharts))
 6 SYSTEMPATH/CodeIgniter.php(340): CodeIgniter\CodeIgniter->handleRequest(null, Object(Config\Cache), false)
 7 FCPATH/index.php(67): CodeIgniter\CodeIgniter->run()
 8 SYSTEMPATH/Commands/Server/rewrite.php(46): require_once('FCPATH/index.php')
CRITICAL - 2022-12-03 01:11:41 --> Unclosed '(' on line 45 does not match '}'
in APPPATH/Controllers/GoogleCharts.php on line 46.
 1 SYSTEMPATH/Autoloader/Autoloader.php(259): CodeIgniter\Autoloader\Autoloader->includeFile('APPPATH/Controllers/GoogleCharts.php')
 2 SYSTEMPATH/Autoloader/Autoloader.php(237): CodeIgniter\Autoloader\Autoloader->loadInNamespace('App\\Controllers\\GoogleCharts')
 3 [internal function]: CodeIgniter\Autoloader\Autoloader->loadClass('App\\Controllers\\GoogleCharts')
 4 SYSTEMPATH/CodeIgniter.php(852): class_exists('\\App\\Controllers\\GoogleCharts', true)
 5 SYSTEMPATH/CodeIgniter.php(444): CodeIgniter\CodeIgniter->startController()
 6 SYSTEMPATH/CodeIgniter.php(340): CodeIgniter\CodeIgniter->handleRequest(null, Object(Config\Cache), false)
 7 FCPATH/index.php(67): CodeIgniter\CodeIgniter->run()
 8 SYSTEMPATH/Commands/Server/rewrite.php(46): require_once('FCPATH/index.php')
CRITICAL - 2022-12-03 01:11:42 --> Unclosed '(' on line 45 does not match '}'
in APPPATH/Controllers/GoogleCharts.php on line 46.
 1 SYSTEMPATH/Autoloader/Autoloader.php(259): CodeIgniter\Autoloader\Autoloader->includeFile('APPPATH/Controllers/GoogleCharts.php')
 2 SYSTEMPATH/Autoloader/Autoloader.php(237): CodeIgniter\Autoloader\Autoloader->loadInNamespace('App\\Controllers\\GoogleCharts')
 3 [internal function]: CodeIgniter\Autoloader\Autoloader->loadClass('App\\Controllers\\GoogleCharts')
 4 SYSTEMPATH/CodeIgniter.php(852): class_exists('\\App\\Controllers\\GoogleCharts', true)
 5 SYSTEMPATH/CodeIgniter.php(444): CodeIgniter\CodeIgniter->startController()
 6 SYSTEMPATH/CodeIgniter.php(340): CodeIgniter\CodeIgniter->handleRequest(null, Object(Config\Cache), false)
 7 FCPATH/index.php(67): CodeIgniter\CodeIgniter->run()
 8 SYSTEMPATH/Commands/Server/rewrite.php(46): require_once('FCPATH/index.php')
ERROR - 2022-12-03 23:27:22 --> Error connecting to the database: mysqli_sql_exception: Connection refused in /storage/emulated/0/htdocs/johninventory/system/Database/MySQLi/Connection.php:171
Stack trace:
#0 /storage/emulated/0/htdocs/johninventory/system/Database/MySQLi/Connection.php(171): mysqli->real_connect('127.0.0.1', 'root', 'masterkey', 'johninventory', 3306, '', 0)
#1 /storage/emulated/0/htdocs/johninventory/system/Database/BaseConnection.php(382): CodeIgniter\Database\MySQLi\Connection->connect(false)
#2 /storage/emulated/0/htdocs/johninventory/system/Database/BaseConnection.php(588): CodeIgniter\Database\BaseConnection->initialize()
#3 /storage/emulated/0/htdocs/johninventory/app/Controllers/GoogleCharts.php(31): CodeIgniter\Database\BaseConnection->query('SELECT 'oxpalm'...')
#4 /storage/emulated/0/htdocs/johninventory/system/CodeIgniter.php(902): App\Controllers\GoogleCharts->price()
#5 /storage/emulated/0/htdocs/johninventory/system/CodeIgniter.php(457): CodeIgniter\CodeIgniter->runController(Object(App\Controllers\GoogleCharts))
#6 /storage/emulated/0/htdocs/johninventory/system/CodeIgniter.php(340): CodeIgniter\CodeIgniter->handleRequest(NULL, Object(Config\Cache), false)
#7 /storage/emulated/0/htdocs/johninventory/public/index.php(67): CodeIgniter\CodeIgniter->run()
#8 /storage/emulated/0/htdocs/johninventory/system/Commands/Server/rewrite.php(46): require_once('/storage/emulat...')
#9 {main}

Next CodeIgniter\Database\Exceptions\DatabaseException: Connection refused in /storage/emulated/0/htdocs/johninventory/system/Database/MySQLi/Connection.php:215
Stack trace:
#0 /storage/emulated/0/htdocs/johninventory/system/Database/BaseConnection.php(382): CodeIgniter\Database\MySQLi\Connection->connect(false)
#1 /storage/emulated/0/htdocs/johninventory/system/Database/BaseConnection.php(588): CodeIgniter\Database\BaseConnection->initialize()
#2 /storage/emulated/0/htdocs/johninventory/app/Controllers/GoogleCharts.php(31): CodeIgniter\Database\BaseConnection->query('SELECT 'oxpalm'...')
#3 /storage/emulated/0/htdocs/johninventory/system/CodeIgniter.php(902): App\Controllers\GoogleCharts->price()
#4 /storage/emulated/0/htdocs/johninventory/system/CodeIgniter.php(457): CodeIgniter\CodeIgniter->runController(Object(App\Controllers\GoogleCharts))
#5 /storage/emulated/0/htdocs/johninventory/system/CodeIgniter.php(340): CodeIgniter\CodeIgniter->handleRequest(NULL, Object(Config\Cache), false)
#6 /storage/emulated/0/htdocs/johninventory/public/index.php(67): CodeIgniter\CodeIgniter->run()
#7 /storage/emulated/0/htdocs/johninventory/system/Commands/Server/rewrite.php(46): require_once('/storage/emulat...')
#8 {main}
CRITICAL - 2022-12-03 23:27:22 --> Unable to connect to the database.
Main connection [MySQLi]: Connection refused
in SYSTEMPATH/Database/BaseConnection.php on line 418.
 1 SYSTEMPATH/Database/BaseConnection.php(588): CodeIgniter\Database\BaseConnection->initialize()
 2 APPPATH/Controllers/GoogleCharts.php(31): CodeIgniter\Database\BaseConnection->query('SELECT \'oxpalm\' as itemname, thedate, price_per_unit from grocery WHERE item_name like \'%quaker%\'')
 3 SYSTEMPATH/CodeIgniter.php(902): App\Controllers\GoogleCharts->price()
 4 SYSTEMPATH/CodeIgniter.php(457): CodeIgniter\CodeIgniter->runController(Object(App\Controllers\GoogleCharts))
 5 SYSTEMPATH/CodeIgniter.php(340): CodeIgniter\CodeIgniter->handleRequest(null, Object(Config\Cache), false)
 6 FCPATH/index.php(67): CodeIgniter\CodeIgniter->run()
 7 SYSTEMPATH/Commands/Server/rewrite.php(46): require_once('FCPATH/index.php')
