CRITICAL - 2022-12-02 17:15:08 --> syntax error, unexpected identifier " "
in APPPATH/Controllers/GoogleCharts.php on line 9.
 1 SYSTEMPATH/Autoloader/Autoloader.php(259): CodeIgniter\Autoloader\Autoloader->includeFile('APPPATH/Controllers/GoogleCharts.php')
 2 SYSTEMPATH/Autoloader/Autoloader.php(237): CodeIgniter\Autoloader\Autoloader->loadInNamespace('App\\Controllers\\GoogleCharts')
 3 [internal function]: CodeIgniter\Autoloader\Autoloader->loadClass('App\\Controllers\\GoogleCharts')
 4 SYSTEMPATH/CodeIgniter.php(852): class_exists('\\App\\Controllers\\GoogleCharts', true)
 5 SYSTEMPATH/CodeIgniter.php(444): CodeIgniter\CodeIgniter->startController()
 6 SYSTEMPATH/CodeIgniter.php(340): CodeIgniter\CodeIgniter->handleRequest(null, Object(Config\Cache), false)
 7 FCPATH/index.php(67): CodeIgniter\CodeIgniter->run()
 8 SYSTEMPATH/Commands/Server/rewrite.php(46): require_once('FCPATH/index.php')
CRITICAL - 2022-12-02 17:16:53 --> syntax error, unexpected identifier " ", expecting "function" or "const"
in APPPATH/Controllers/GoogleCharts.php on line 8.
 1 SYSTEMPATH/Autoloader/Autoloader.php(259): CodeIgniter\Autoloader\Autoloader->includeFile('APPPATH/Controllers/GoogleCharts.php')
 2 SYSTEMPATH/Autoloader/Autoloader.php(237): CodeIgniter\Autoloader\Autoloader->loadInNamespace('App\\Controllers\\GoogleCharts')
 3 [internal function]: CodeIgniter\Autoloader\Autoloader->loadClass('App\\Controllers\\GoogleCharts')
 4 SYSTEMPATH/CodeIgniter.php(852): class_exists('\\App\\Controllers\\GoogleCharts', true)
 5 SYSTEMPATH/CodeIgniter.php(444): CodeIgniter\CodeIgniter->startController()
 6 SYSTEMPATH/CodeIgniter.php(340): CodeIgniter\CodeIgniter->handleRequest(null, Object(Config\Cache), false)
 7 FCPATH/index.php(67): CodeIgniter\CodeIgniter->run()
 8 SYSTEMPATH/Commands/Server/rewrite.php(46): require_once('FCPATH/index.php')
CRITICAL - 2022-12-02 17:17:08 --> syntax error, unexpected variable "$query"
in APPPATH/Controllers/GoogleCharts.php on line 9.
 1 SYSTEMPATH/Autoloader/Autoloader.php(259): CodeIgniter\Autoloader\Autoloader->includeFile('APPPATH/Controllers/GoogleCharts.php')
 2 SYSTEMPATH/Autoloader/Autoloader.php(237): CodeIgniter\Autoloader\Autoloader->loadInNamespace('App\\Controllers\\GoogleCharts')
 3 [internal function]: CodeIgniter\Autoloader\Autoloader->loadClass('App\\Controllers\\GoogleCharts')
 4 SYSTEMPATH/CodeIgniter.php(852): class_exists('\\App\\Controllers\\GoogleCharts', true)
 5 SYSTEMPATH/CodeIgniter.php(444): CodeIgniter\CodeIgniter->startController()
 6 SYSTEMPATH/CodeIgniter.php(340): CodeIgniter\CodeIgniter->handleRequest(null, Object(Config\Cache), false)
 7 FCPATH/index.php(67): CodeIgniter\CodeIgniter->run()
 8 SYSTEMPATH/Commands/Server/rewrite.php(46): require_once('FCPATH/index.php')
CRITICAL - 2022-12-02 17:17:30 --> syntax error, unexpected identifier "    "
in APPPATH/Controllers/GoogleCharts.php on line 12.
 1 SYSTEMPATH/Autoloader/Autoloader.php(259): CodeIgniter\Autoloader\Autoloader->includeFile('APPPATH/Controllers/GoogleCharts.php')
 2 SYSTEMPATH/Autoloader/Autoloader.php(237): CodeIgniter\Autoloader\Autoloader->loadInNamespace('App\\Controllers\\GoogleCharts')
 3 [internal function]: CodeIgniter\Autoloader\Autoloader->loadClass('App\\Controllers\\GoogleCharts')
 4 SYSTEMPATH/CodeIgniter.php(852): class_exists('\\App\\Controllers\\GoogleCharts', true)
 5 SYSTEMPATH/CodeIgniter.php(444): CodeIgniter\CodeIgniter->startController()
 6 SYSTEMPATH/CodeIgniter.php(340): CodeIgniter\CodeIgniter->handleRequest(null, Object(Config\Cache), false)
 7 FCPATH/index.php(67): CodeIgniter\CodeIgniter->run()
 8 SYSTEMPATH/Commands/Server/rewrite.php(46): require_once('FCPATH/index.php')
CRITICAL - 2022-12-02 17:17:45 --> Call to undefined method CodeIgniter\Database\MySQLi\Builder::query()
in APPPATH/Controllers/GoogleCharts.php on line 9.
 1 SYSTEMPATH/CodeIgniter.php(902): App\Controllers\GoogleCharts->index()
 2 SYSTEMPATH/CodeIgniter.php(457): CodeIgniter\CodeIgniter->runController(Object(App\Controllers\GoogleCharts))
 3 SYSTEMPATH/CodeIgniter.php(340): CodeIgniter\CodeIgniter->handleRequest(null, Object(Config\Cache), false)
 4 FCPATH/index.php(67): CodeIgniter\CodeIgniter->run()
 5 SYSTEMPATH/Commands/Server/rewrite.php(46): require_once('FCPATH/index.php')
CRITICAL - 2022-12-02 17:18:13 --> Call to undefined method CodeIgniter\Database\MySQLi\Builder::query()
in APPPATH/Controllers/GoogleCharts.php on line 9.
 1 SYSTEMPATH/CodeIgniter.php(902): App\Controllers\GoogleCharts->index()
 2 SYSTEMPATH/CodeIgniter.php(457): CodeIgniter\CodeIgniter->runController(Object(App\Controllers\GoogleCharts))
 3 SYSTEMPATH/CodeIgniter.php(340): CodeIgniter\CodeIgniter->handleRequest(null, Object(Config\Cache), false)
 4 FCPATH/index.php(67): CodeIgniter\CodeIgniter->run()
 5 SYSTEMPATH/Commands/Server/rewrite.php(46): require_once('FCPATH/index.php')
CRITICAL - 2022-12-02 17:21:52 --> Call to undefined method CodeIgniter\Database\MySQLi\Builder::simpleQuery()
in APPPATH/Controllers/GoogleCharts.php on line 9.
 1 SYSTEMPATH/CodeIgniter.php(902): App\Controllers\GoogleCharts->index()
 2 SYSTEMPATH/CodeIgniter.php(457): CodeIgniter\CodeIgniter->runController(Object(App\Controllers\GoogleCharts))
 3 SYSTEMPATH/CodeIgniter.php(340): CodeIgniter\CodeIgniter->handleRequest(null, Object(Config\Cache), false)
 4 FCPATH/index.php(67): CodeIgniter\CodeIgniter->run()
 5 SYSTEMPATH/Commands/Server/rewrite.php(46): require_once('FCPATH/index.php')
CRITICAL - 2022-12-02 17:24:07 --> Call to undefined method CodeIgniter\Database\MySQLi\Builder::query()
in APPPATH/Controllers/GoogleCharts.php on line 9.
 1 SYSTEMPATH/CodeIgniter.php(902): App\Controllers\GoogleCharts->index()
 2 SYSTEMPATH/CodeIgniter.php(457): CodeIgniter\CodeIgniter->runController(Object(App\Controllers\GoogleCharts))
 3 SYSTEMPATH/CodeIgniter.php(340): CodeIgniter\CodeIgniter->handleRequest(null, Object(Config\Cache), false)
 4 FCPATH/index.php(67): CodeIgniter\CodeIgniter->run()
 5 SYSTEMPATH/Commands/Server/rewrite.php(46): require_once('FCPATH/index.php')
CRITICAL - 2022-12-02 17:29:43 --> Call to undefined method CodeIgniter\Database\MySQLi\Builder::query()
in APPPATH/Controllers/GoogleCharts.php on line 6.
 1 SYSTEMPATH/CodeIgniter.php(902): App\Controllers\GoogleCharts->index()
 2 SYSTEMPATH/CodeIgniter.php(457): CodeIgniter\CodeIgniter->runController(Object(App\Controllers\GoogleCharts))
 3 SYSTEMPATH/CodeIgniter.php(340): CodeIgniter\CodeIgniter->handleRequest(null, Object(Config\Cache), false)
 4 FCPATH/index.php(67): CodeIgniter\CodeIgniter->run()
 5 SYSTEMPATH/Commands/Server/rewrite.php(46): require_once('FCPATH/index.php')
CRITICAL - 2022-12-02 17:33:24 --> Call to undefined method CodeIgniter\Database\MySQLi\Builder::query()
in APPPATH/Controllers/GoogleCharts.php on line 6.
 1 SYSTEMPATH/CodeIgniter.php(902): App\Controllers\GoogleCharts->index()
 2 SYSTEMPATH/CodeIgniter.php(457): CodeIgniter\CodeIgniter->runController(Object(App\Controllers\GoogleCharts))
 3 SYSTEMPATH/CodeIgniter.php(340): CodeIgniter\CodeIgniter->handleRequest(null, Object(Config\Cache), false)
 4 FCPATH/index.php(67): CodeIgniter\CodeIgniter->run()
 5 SYSTEMPATH/Commands/Server/rewrite.php(46): require_once('FCPATH/index.php')
CRITICAL - 2022-12-02 17:33:27 --> Call to undefined method CodeIgniter\Database\MySQLi\Builder::query()
in APPPATH/Controllers/GoogleCharts.php on line 6.
 1 SYSTEMPATH/CodeIgniter.php(902): App\Controllers\GoogleCharts->index()
 2 SYSTEMPATH/CodeIgniter.php(457): CodeIgniter\CodeIgniter->runController(Object(App\Controllers\GoogleCharts))
 3 SYSTEMPATH/CodeIgniter.php(340): CodeIgniter\CodeIgniter->handleRequest(null, Object(Config\Cache), false)
 4 FCPATH/index.php(67): CodeIgniter\CodeIgniter->run()
 5 SYSTEMPATH/Commands/Server/rewrite.php(46): require_once('FCPATH/index.php')
CRITICAL - 2022-12-02 17:33:41 --> Call to undefined method CodeIgniter\Database\MySQLi\Builder::query()
in APPPATH/Controllers/GoogleCharts.php on line 11.
 1 SYSTEMPATH/CodeIgniter.php(902): App\Controllers\GoogleCharts->index()
 2 SYSTEMPATH/CodeIgniter.php(457): CodeIgniter\CodeIgniter->runController(Object(App\Controllers\GoogleCharts))
 3 SYSTEMPATH/CodeIgniter.php(340): CodeIgniter\CodeIgniter->handleRequest(null, Object(Config\Cache), false)
 4 FCPATH/index.php(67): CodeIgniter\CodeIgniter->run()
 5 SYSTEMPATH/Commands/Server/rewrite.php(46): require_once('FCPATH/index.php')
CRITICAL - 2022-12-02 17:33:53 --> Call to undefined method CodeIgniter\Database\MySQLi\Builder::query()
in APPPATH/Controllers/GoogleCharts.php on line 11.
 1 SYSTEMPATH/CodeIgniter.php(902): App\Controllers\GoogleCharts->index()
 2 SYSTEMPATH/CodeIgniter.php(457): CodeIgniter\CodeIgniter->runController(Object(App\Controllers\GoogleCharts))
 3 SYSTEMPATH/CodeIgniter.php(340): CodeIgniter\CodeIgniter->handleRequest(null, Object(Config\Cache), false)
 4 FCPATH/index.php(67): CodeIgniter\CodeIgniter->run()
 5 SYSTEMPATH/Commands/Server/rewrite.php(46): require_once('FCPATH/index.php')
CRITICAL - 2022-12-02 17:35:03 --> Call to undefined method CodeIgniter\Database\MySQLi\Builder::query()
in APPPATH/Controllers/GoogleCharts.php on line 11.
 1 SYSTEMPATH/CodeIgniter.php(902): App\Controllers\GoogleCharts->index()
 2 SYSTEMPATH/CodeIgniter.php(457): CodeIgniter\CodeIgniter->runController(Object(App\Controllers\GoogleCharts))
 3 SYSTEMPATH/CodeIgniter.php(340): CodeIgniter\CodeIgniter->handleRequest(null, Object(Config\Cache), false)
 4 FCPATH/index.php(67): CodeIgniter\CodeIgniter->run()
 5 SYSTEMPATH/Commands/Server/rewrite.php(46): require_once('FCPATH/index.php')
CRITICAL - 2022-12-02 17:35:55 --> Invalid file: home.php
in SYSTEMPATH/Exceptions/FrameworkException.php on line 33.
 1 SYSTEMPATH/View/View.php(201): CodeIgniter\Exceptions\FrameworkException::forInvalidFile('home.php')
 2 SYSTEMPATH/Common.php(1142): CodeIgniter\View\View->render('home', [], true)
 3 APPPATH/Controllers/GoogleCharts.php(13): view('home', [...])
 4 SYSTEMPATH/CodeIgniter.php(902): App\Controllers\GoogleCharts->index()
 5 SYSTEMPATH/CodeIgniter.php(457): CodeIgniter\CodeIgniter->runController(Object(App\Controllers\GoogleCharts))
 6 SYSTEMPATH/CodeIgniter.php(340): CodeIgniter\CodeIgniter->handleRequest(null, Object(Config\Cache), false)
 7 FCPATH/index.php(67): CodeIgniter\CodeIgniter->run()
 8 SYSTEMPATH/Commands/Server/rewrite.php(46): require_once('FCPATH/index.php')
CRITICAL - 2022-12-02 17:35:56 --> Invalid file: home.php
in SYSTEMPATH/Exceptions/FrameworkException.php on line 33.
 1 SYSTEMPATH/View/View.php(201): CodeIgniter\Exceptions\FrameworkException::forInvalidFile('home.php')
 2 SYSTEMPATH/Common.php(1142): CodeIgniter\View\View->render('home', [], true)
 3 APPPATH/Controllers/GoogleCharts.php(13): view('home', [...])
 4 SYSTEMPATH/CodeIgniter.php(902): App\Controllers\GoogleCharts->index()
 5 SYSTEMPATH/CodeIgniter.php(457): CodeIgniter\CodeIgniter->runController(Object(App\Controllers\GoogleCharts))
 6 SYSTEMPATH/CodeIgniter.php(340): CodeIgniter\CodeIgniter->handleRequest(null, Object(Config\Cache), false)
 7 FCPATH/index.php(67): CodeIgniter\CodeIgniter->run()
 8 SYSTEMPATH/Commands/Server/rewrite.php(46): require_once('FCPATH/index.php')
CRITICAL - 2022-12-02 17:37:01 --> syntax error, unexpected token "as", expecting ")"
in APPPATH/Views/home.php on line 66.
 1 SYSTEMPATH/View/View.php(216): CodeIgniter\View\View->CodeIgniter\View\{closure}()
 2 SYSTEMPATH/Common.php(1142): CodeIgniter\View\View->render('home', [], true)
 3 APPPATH/Controllers/GoogleCharts.php(13): view('home', [...])
 4 SYSTEMPATH/CodeIgniter.php(902): App\Controllers\GoogleCharts->index()
 5 SYSTEMPATH/CodeIgniter.php(457): CodeIgniter\CodeIgniter->runController(Object(App\Controllers\GoogleCharts))
 6 SYSTEMPATH/CodeIgniter.php(340): CodeIgniter\CodeIgniter->handleRequest(null, Object(Config\Cache), false)
 7 FCPATH/index.php(67): CodeIgniter\CodeIgniter->run()
 8 SYSTEMPATH/Commands/Server/rewrite.php(46): require_once('FCPATH/index.php')
CRITICAL - 2022-12-02 18:00:10 --> Call to undefined method CodeIgniter\Database\MySQLi\Builder::query()
in APPPATH/Controllers/GoogleCharts.php on line 14.
 1 SYSTEMPATH/CodeIgniter.php(902): App\Controllers\GoogleCharts->index()
 2 SYSTEMPATH/CodeIgniter.php(457): CodeIgniter\CodeIgniter->runController(Object(App\Controllers\GoogleCharts))
 3 SYSTEMPATH/CodeIgniter.php(340): CodeIgniter\CodeIgniter->handleRequest(null, Object(Config\Cache), false)
 4 FCPATH/index.php(67): CodeIgniter\CodeIgniter->run()
 5 SYSTEMPATH/Commands/Server/rewrite.php(46): require_once('FCPATH/index.php')
ERROR - 2022-12-02 18:00:31 --> mysqli_sql_exception: Table 'johninventory.users' doesn't exist in /storage/emulated/0/htdocs/johninventory/system/Database/MySQLi/Connection.php:292
Stack trace:
#0 /storage/emulated/0/htdocs/johninventory/system/Database/MySQLi/Connection.php(292): mysqli->query('SELECT COUNT(id...', 0)
#1 /storage/emulated/0/htdocs/johninventory/system/Database/BaseConnection.php(693): CodeIgniter\Database\MySQLi\Connection->execute('SELECT COUNT(id...')
#2 /storage/emulated/0/htdocs/johninventory/system/Database/BaseConnection.php(620): CodeIgniter\Database\BaseConnection->simpleQuery('SELECT COUNT(id...')
#3 /storage/emulated/0/htdocs/johninventory/app/Controllers/GoogleCharts.php(15): CodeIgniter\Database\BaseConnection->query('SELECT COUNT(id...')
#4 /storage/emulated/0/htdocs/johninventory/system/CodeIgniter.php(902): App\Controllers\GoogleCharts->index()
#5 /storage/emulated/0/htdocs/johninventory/system/CodeIgniter.php(457): CodeIgniter\CodeIgniter->runController(Object(App\Controllers\GoogleCharts))
#6 /storage/emulated/0/htdocs/johninventory/system/CodeIgniter.php(340): CodeIgniter\CodeIgniter->handleRequest(NULL, Object(Config\Cache), false)
#7 /storage/emulated/0/htdocs/johninventory/public/index.php(67): CodeIgniter\CodeIgniter->run()
#8 /storage/emulated/0/htdocs/johninventory/system/Commands/Server/rewrite.php(46): require_once('/storage/emulat...')
#9 {main}
CRITICAL - 2022-12-02 18:00:31 --> Table 'johninventory.users' doesn't exist
in SYSTEMPATH/Database/MySQLi/Connection.php on line 292.
 1 SYSTEMPATH/Database/MySQLi/Connection.php(292): mysqli->query('SELECT COUNT(id) as count,DAY(created_at) as day_date FROM users WHERE MONTH(created_at) = \'12\'
        AND YEAR(created_at) = \'2022\'
      GROUP BY DAY(created_at)', 0)
 2 SYSTEMPATH/Database/BaseConnection.php(693): CodeIgniter\Database\MySQLi\Connection->execute('SELECT COUNT(id) as count,DAY(created_at) as day_date FROM users WHERE MONTH(created_at) = \'12\'
        AND YEAR(created_at) = \'2022\'
      GROUP BY DAY(created_at)')
 3 SYSTEMPATH/Database/BaseConnection.php(620): CodeIgniter\Database\BaseConnection->simpleQuery('SELECT COUNT(id) as count,DAY(created_at) as day_date FROM users WHERE MONTH(created_at) = \'12\'
        AND YEAR(created_at) = \'2022\'
      GROUP BY DAY(created_at)')
 4 APPPATH/Controllers/GoogleCharts.php(15): CodeIgniter\Database\BaseConnection->query('SELECT COUNT(id) as count,DAY(created_at) as day_date FROM users WHERE MONTH(created_at) = \'12\'
        AND YEAR(created_at) = \'2022\'
      GROUP BY DAY(created_at)')
 5 SYSTEMPATH/CodeIgniter.php(902): App\Controllers\GoogleCharts->index()
 6 SYSTEMPATH/CodeIgniter.php(457): CodeIgniter\CodeIgniter->runController(Object(App\Controllers\GoogleCharts))
 7 SYSTEMPATH/CodeIgniter.php(340): CodeIgniter\CodeIgniter->handleRequest(null, Object(Config\Cache), false)
 8 FCPATH/index.php(67): CodeIgniter\CodeIgniter->run()
 9 SYSTEMPATH/Commands/Server/rewrite.php(46): require_once('FCPATH/index.php')
CRITICAL - 2022-12-02 18:03:18 --> syntax error, unexpected token "}", expecting "," or ";"
in APPPATH/Views/home.php on line 59.
 1 SYSTEMPATH/View/View.php(216): CodeIgniter\View\View->CodeIgniter\View\{closure}()
 2 SYSTEMPATH/Common.php(1142): CodeIgniter\View\View->render('home', [], true)
 3 APPPATH/Controllers/GoogleCharts.php(20): view('home', [...])
 4 SYSTEMPATH/CodeIgniter.php(902): App\Controllers\GoogleCharts->index()
 5 SYSTEMPATH/CodeIgniter.php(457): CodeIgniter\CodeIgniter->runController(Object(App\Controllers\GoogleCharts))
 6 SYSTEMPATH/CodeIgniter.php(340): CodeIgniter\CodeIgniter->handleRequest(null, Object(Config\Cache), false)
 7 FCPATH/index.php(67): CodeIgniter\CodeIgniter->run()
 8 SYSTEMPATH/Commands/Server/rewrite.php(46): require_once('FCPATH/index.php')
CRITICAL - 2022-12-02 18:04:55 --> Unmatched '}'
in APPPATH/Views/home.php on line 60.
 1 SYSTEMPATH/View/View.php(216): CodeIgniter\View\View->CodeIgniter\View\{closure}()
 2 SYSTEMPATH/Common.php(1142): CodeIgniter\View\View->render('home', [], true)
 3 APPPATH/Controllers/GoogleCharts.php(20): view('home', [...])
 4 SYSTEMPATH/CodeIgniter.php(902): App\Controllers\GoogleCharts->index()
 5 SYSTEMPATH/CodeIgniter.php(457): CodeIgniter\CodeIgniter->runController(Object(App\Controllers\GoogleCharts))
 6 SYSTEMPATH/CodeIgniter.php(340): CodeIgniter\CodeIgniter->handleRequest(null, Object(Config\Cache), false)
 7 FCPATH/index.php(67): CodeIgniter\CodeIgniter->run()
 8 SYSTEMPATH/Commands/Server/rewrite.php(46): require_once('FCPATH/index.php')
CRITICAL - 2022-12-02 21:20:06 --> syntax error, unexpected token ";", expecting ")"
in APPPATH/Controllers/GoogleCharts.php on line 31.
 1 SYSTEMPATH/Autoloader/Autoloader.php(259): CodeIgniter\Autoloader\Autoloader->includeFile('APPPATH/Controllers/GoogleCharts.php')
 2 SYSTEMPATH/Autoloader/Autoloader.php(237): CodeIgniter\Autoloader\Autoloader->loadInNamespace('App\\Controllers\\GoogleCharts')
 3 [internal function]: CodeIgniter\Autoloader\Autoloader->loadClass('App\\Controllers\\GoogleCharts')
 4 SYSTEMPATH/CodeIgniter.php(852): class_exists('\\App\\Controllers\\GoogleCharts', true)
 5 SYSTEMPATH/CodeIgniter.php(444): CodeIgniter\CodeIgniter->startController()
 6 SYSTEMPATH/CodeIgniter.php(340): CodeIgniter\CodeIgniter->handleRequest(null, Object(Config\Cache), false)
 7 FCPATH/index.php(67): CodeIgniter\CodeIgniter->run()
 8 SYSTEMPATH/Commands/Server/rewrite.php(46): require_once('FCPATH/index.php')
CRITICAL - 2022-12-02 21:20:07 --> syntax error, unexpected token ";", expecting ")"
in APPPATH/Controllers/GoogleCharts.php on line 31.
 1 SYSTEMPATH/Autoloader/Autoloader.php(259): CodeIgniter\Autoloader\Autoloader->includeFile('APPPATH/Controllers/GoogleCharts.php')
 2 SYSTEMPATH/Autoloader/Autoloader.php(237): CodeIgniter\Autoloader\Autoloader->loadInNamespace('App\\Controllers\\GoogleCharts')
 3 [internal function]: CodeIgniter\Autoloader\Autoloader->loadClass('App\\Controllers\\GoogleCharts')
 4 SYSTEMPATH/CodeIgniter.php(852): class_exists('\\App\\Controllers\\GoogleCharts', true)
 5 SYSTEMPATH/CodeIgniter.php(444): CodeIgniter\CodeIgniter->startController()
 6 SYSTEMPATH/CodeIgniter.php(340): CodeIgniter\CodeIgniter->handleRequest(null, Object(Config\Cache), false)
 7 FCPATH/index.php(67): CodeIgniter\CodeIgniter->run()
 8 SYSTEMPATH/Commands/Server/rewrite.php(46): require_once('FCPATH/index.php')
ERROR - 2022-12-02 21:20:49 --> mysqli_sql_exception: Unknown column 'id' in 'field list' in /storage/emulated/0/htdocs/johninventory/system/Database/MySQLi/Connection.php:292
Stack trace:
#0 /storage/emulated/0/htdocs/johninventory/system/Database/MySQLi/Connection.php(292): mysqli->query('SELECT COUNT(id...', 0)
#1 /storage/emulated/0/htdocs/johninventory/system/Database/BaseConnection.php(693): CodeIgniter\Database\MySQLi\Connection->execute('SELECT COUNT(id...')
#2 /storage/emulated/0/htdocs/johninventory/system/Database/BaseConnection.php(620): CodeIgniter\Database\BaseConnection->simpleQuery('SELECT COUNT(id...')
#3 /storage/emulated/0/htdocs/johninventory/app/Controllers/GoogleCharts.php(31): CodeIgniter\Database\BaseConnection->query('SELECT COUNT(id...')
#4 /storage/emulated/0/htdocs/johninventory/system/CodeIgniter.php(902): App\Controllers\GoogleCharts->price()
#5 /storage/emulated/0/htdocs/johninventory/system/CodeIgniter.php(457): CodeIgniter\CodeIgniter->runController(Object(App\Controllers\GoogleCharts))
#6 /storage/emulated/0/htdocs/johninventory/system/CodeIgniter.php(340): CodeIgniter\CodeIgniter->handleRequest(NULL, Object(Config\Cache), false)
#7 /storage/emulated/0/htdocs/johninventory/public/index.php(67): CodeIgniter\CodeIgniter->run()
#8 /storage/emulated/0/htdocs/johninventory/system/Commands/Server/rewrite.php(46): require_once('/storage/emulat...')
#9 {main}
CRITICAL - 2022-12-02 21:20:49 --> Unknown column 'id' in 'field list'
in SYSTEMPATH/Database/MySQLi/Connection.php on line 292.
 1 SYSTEMPATH/Database/MySQLi/Connection.php(292): mysqli->query('SELECT COUNT(id) as count,DAY(created_at) as day_date FROM grocery WHERE item_name like \'%ox%\'', 0)
 2 SYSTEMPATH/Database/BaseConnection.php(693): CodeIgniter\Database\MySQLi\Connection->execute('SELECT COUNT(id) as count,DAY(created_at) as day_date FROM grocery WHERE item_name like \'%ox%\'')
 3 SYSTEMPATH/Database/BaseConnection.php(620): CodeIgniter\Database\BaseConnection->simpleQuery('SELECT COUNT(id) as count,DAY(created_at) as day_date FROM grocery WHERE item_name like \'%ox%\'')
 4 APPPATH/Controllers/GoogleCharts.php(31): CodeIgniter\Database\BaseConnection->query('SELECT COUNT(id) as count,DAY(created_at) as day_date FROM grocery WHERE item_name like \'%ox%\'')
 5 SYSTEMPATH/CodeIgniter.php(902): App\Controllers\GoogleCharts->price()
 6 SYSTEMPATH/CodeIgniter.php(457): CodeIgniter\CodeIgniter->runController(Object(App\Controllers\GoogleCharts))
 7 SYSTEMPATH/CodeIgniter.php(340): CodeIgniter\CodeIgniter->handleRequest(null, Object(Config\Cache), false)
 8 FCPATH/index.php(67): CodeIgniter\CodeIgniter->run()
 9 SYSTEMPATH/Commands/Server/rewrite.php(46): require_once('FCPATH/index.php')
ERROR - 2022-12-02 21:21:08 --> mysqli_sql_exception: Unknown column 'created_at' in 'field list' in /storage/emulated/0/htdocs/johninventory/system/Database/MySQLi/Connection.php:292
Stack trace:
#0 /storage/emulated/0/htdocs/johninventory/system/Database/MySQLi/Connection.php(292): mysqli->query('SELECT COUNT(PK...', 0)
#1 /storage/emulated/0/htdocs/johninventory/system/Database/BaseConnection.php(693): CodeIgniter\Database\MySQLi\Connection->execute('SELECT COUNT(PK...')
#2 /storage/emulated/0/htdocs/johninventory/system/Database/BaseConnection.php(620): CodeIgniter\Database\BaseConnection->simpleQuery('SELECT COUNT(PK...')
#3 /storage/emulated/0/htdocs/johninventory/app/Controllers/GoogleCharts.php(31): CodeIgniter\Database\BaseConnection->query('SELECT COUNT(PK...')
#4 /storage/emulated/0/htdocs/johninventory/system/CodeIgniter.php(902): App\Controllers\GoogleCharts->price()
#5 /storage/emulated/0/htdocs/johninventory/system/CodeIgniter.php(457): CodeIgniter\CodeIgniter->runController(Object(App\Controllers\GoogleCharts))
#6 /storage/emulated/0/htdocs/johninventory/system/CodeIgniter.php(340): CodeIgniter\CodeIgniter->handleRequest(NULL, Object(Config\Cache), false)
#7 /storage/emulated/0/htdocs/johninventory/public/index.php(67): CodeIgniter\CodeIgniter->run()
#8 /storage/emulated/0/htdocs/johninventory/system/Commands/Server/rewrite.php(46): require_once('/storage/emulat...')
#9 {main}
CRITICAL - 2022-12-02 21:21:08 --> Unknown column 'created_at' in 'field list'
in SYSTEMPATH/Database/MySQLi/Connection.php on line 292.
 1 SYSTEMPATH/Database/MySQLi/Connection.php(292): mysqli->query('SELECT COUNT(PK) as count,DAY(created_at) as day_date FROM grocery WHERE item_name like \'%ox%\'', 0)
 2 SYSTEMPATH/Database/BaseConnection.php(693): CodeIgniter\Database\MySQLi\Connection->execute('SELECT COUNT(PK) as count,DAY(created_at) as day_date FROM grocery WHERE item_name like \'%ox%\'')
 3 SYSTEMPATH/Database/BaseConnection.php(620): CodeIgniter\Database\BaseConnection->simpleQuery('SELECT COUNT(PK) as count,DAY(created_at) as day_date FROM grocery WHERE item_name like \'%ox%\'')
 4 APPPATH/Controllers/GoogleCharts.php(31): CodeIgniter\Database\BaseConnection->query('SELECT COUNT(PK) as count,DAY(created_at) as day_date FROM grocery WHERE item_name like \'%ox%\'')
 5 SYSTEMPATH/CodeIgniter.php(902): App\Controllers\GoogleCharts->price()
 6 SYSTEMPATH/CodeIgniter.php(457): CodeIgniter\CodeIgniter->runController(Object(App\Controllers\GoogleCharts))
 7 SYSTEMPATH/CodeIgniter.php(340): CodeIgniter\CodeIgniter->handleRequest(null, Object(Config\Cache), false)
 8 FCPATH/index.php(67): CodeIgniter\CodeIgniter->run()
 9 SYSTEMPATH/Commands/Server/rewrite.php(46): require_once('FCPATH/index.php')
ERROR - 2022-12-02 21:21:25 --> mysqli_sql_exception: You have an error in your SQL syntax; check the manual that corresponds to your MySQL server version for the right syntax to use near 'WHERE item_name like '%ox%'' at line 1 in /storage/emulated/0/htdocs/johninventory/system/Database/MySQLi/Connection.php:292
Stack trace:
#0 /storage/emulated/0/htdocs/johninventory/system/Database/MySQLi/Connection.php(292): mysqli->query('SELECT COUNT(PK...', 0)
#1 /storage/emulated/0/htdocs/johninventory/system/Database/BaseConnection.php(693): CodeIgniter\Database\MySQLi\Connection->execute('SELECT COUNT(PK...')
#2 /storage/emulated/0/htdocs/johninventory/system/Database/BaseConnection.php(620): CodeIgniter\Database\BaseConnection->simpleQuery('SELECT COUNT(PK...')
#3 /storage/emulated/0/htdocs/johninventory/app/Controllers/GoogleCharts.php(31): CodeIgniter\Database\BaseConnection->query('SELECT COUNT(PK...')
#4 /storage/emulated/0/htdocs/johninventory/system/CodeIgniter.php(902): App\Controllers\GoogleCharts->price()
#5 /storage/emulated/0/htdocs/johninventory/system/CodeIgniter.php(457): CodeIgniter\CodeIgniter->runController(Object(App\Controllers\GoogleCharts))
#6 /storage/emulated/0/htdocs/johninventory/system/CodeIgniter.php(340): CodeIgniter\CodeIgniter->handleRequest(NULL, Object(Config\Cache), false)
#7 /storage/emulated/0/htdocs/johninventory/public/index.php(67): CodeIgniter\CodeIgniter->run()
#8 /storage/emulated/0/htdocs/johninventory/system/Commands/Server/rewrite.php(46): require_once('/storage/emulat...')
#9 {main}
CRITICAL - 2022-12-02 21:21:25 --> You have an error in your SQL syntax; check the manual that corresponds to your MySQL server version for the right syntax to use near 'WHERE item_name like '%ox%'' at line 1
in SYSTEMPATH/Database/MySQLi/Connection.php on line 292.
 1 SYSTEMPATH/Database/MySQLi/Connection.php(292): mysqli->query('SELECT COUNT(PK) WHERE item_name like \'%ox%\'', 0)
 2 SYSTEMPATH/Database/BaseConnection.php(693): CodeIgniter\Database\MySQLi\Connection->execute('SELECT COUNT(PK) WHERE item_name like \'%ox%\'')
 3 SYSTEMPATH/Database/BaseConnection.php(620): CodeIgniter\Database\BaseConnection->simpleQuery('SELECT COUNT(PK) WHERE item_name like \'%ox%\'')
 4 APPPATH/Controllers/GoogleCharts.php(31): CodeIgniter\Database\BaseConnection->query('SELECT COUNT(PK) WHERE item_name like \'%ox%\'')
 5 SYSTEMPATH/CodeIgniter.php(902): App\Controllers\GoogleCharts->price()
 6 SYSTEMPATH/CodeIgniter.php(457): CodeIgniter\CodeIgniter->runController(Object(App\Controllers\GoogleCharts))
 7 SYSTEMPATH/CodeIgniter.php(340): CodeIgniter\CodeIgniter->handleRequest(null, Object(Config\Cache), false)
 8 FCPATH/index.php(67): CodeIgniter\CodeIgniter->run()
 9 SYSTEMPATH/Commands/Server/rewrite.php(46): require_once('FCPATH/index.php')
CRITICAL - 2022-12-02 21:21:45 --> Undefined property: stdClass::$day_date
in APPPATH/Views/home.php on line 56.
 1 APPPATH/Views/home.php(56): CodeIgniter\Debug\Exceptions->errorHandler(2, 'Undefined property: stdClass::$day_date', 'APPPATH/Views/home.php', 56)
 2 SYSTEMPATH/View/View.php(213): include('APPPATH/Views/home.php')
 3 SYSTEMPATH/View/View.php(216): CodeIgniter\View\View->CodeIgniter\View\{closure}()
 4 SYSTEMPATH/Common.php(1142): CodeIgniter\View\View->render('home', [], true)
 5 APPPATH/Controllers/GoogleCharts.php(34): view('home', [...])
 6 SYSTEMPATH/CodeIgniter.php(902): App\Controllers\GoogleCharts->price()
 7 SYSTEMPATH/CodeIgniter.php(457): CodeIgniter\CodeIgniter->runController(Object(App\Controllers\GoogleCharts))
 8 SYSTEMPATH/CodeIgniter.php(340): CodeIgniter\CodeIgniter->handleRequest(null, Object(Config\Cache), false)
 9 FCPATH/index.php(67): CodeIgniter\CodeIgniter->run()
10 SYSTEMPATH/Commands/Server/rewrite.php(46): require_once('FCPATH/index.php')
CRITICAL - 2022-12-02 21:23:52 --> Undefined property: stdClass::$count
in APPPATH/Views/home.php on line 56.
 1 APPPATH/Views/home.php(56): CodeIgniter\Debug\Exceptions->errorHandler(2, 'Undefined property: stdClass::$count', 'APPPATH/Views/home.php', 56)
 2 SYSTEMPATH/View/View.php(213): include('APPPATH/Views/home.php')
 3 SYSTEMPATH/View/View.php(216): CodeIgniter\View\View->CodeIgniter\View\{closure}()
 4 SYSTEMPATH/Common.php(1142): CodeIgniter\View\View->render('home', [], true)
 5 APPPATH/Controllers/GoogleCharts.php(34): view('home', [...])
 6 SYSTEMPATH/CodeIgniter.php(902): App\Controllers\GoogleCharts->price()
 7 SYSTEMPATH/CodeIgniter.php(457): CodeIgniter\CodeIgniter->runController(Object(App\Controllers\GoogleCharts))
 8 SYSTEMPATH/CodeIgniter.php(340): CodeIgniter\CodeIgniter->handleRequest(null, Object(Config\Cache), false)
 9 FCPATH/index.php(67): CodeIgniter\CodeIgniter->run()
10 SYSTEMPATH/Commands/Server/rewrite.php(46): require_once('FCPATH/index.php')
CRITICAL - 2022-12-02 22:18:13 --> Unmatched '}'
in APPPATH/Views/home.php on line 60.
 1 SYSTEMPATH/View/View.php(216): CodeIgniter\View\View->CodeIgniter\View\{closure}()
 2 SYSTEMPATH/Common.php(1142): CodeIgniter\View\View->render('home', [], true)
 3 APPPATH/Controllers/GoogleCharts.php(34): view('home', [...])
 4 SYSTEMPATH/CodeIgniter.php(902): App\Controllers\GoogleCharts->price()
 5 SYSTEMPATH/CodeIgniter.php(457): CodeIgniter\CodeIgniter->runController(Object(App\Controllers\GoogleCharts))
 6 SYSTEMPATH/CodeIgniter.php(340): CodeIgniter\CodeIgniter->handleRequest(null, Object(Config\Cache), false)
 7 FCPATH/index.php(67): CodeIgniter\CodeIgniter->run()
 8 SYSTEMPATH/Commands/Server/rewrite.php(46): require_once('FCPATH/index.php')
CRITICAL - 2022-12-02 22:18:14 --> Unmatched '}'
in APPPATH/Views/home.php on line 60.
 1 SYSTEMPATH/View/View.php(216): CodeIgniter\View\View->CodeIgniter\View\{closure}()
 2 SYSTEMPATH/Common.php(1142): CodeIgniter\View\View->render('home', [], true)
 3 APPPATH/Controllers/GoogleCharts.php(34): view('home', [...])
 4 SYSTEMPATH/CodeIgniter.php(902): App\Controllers\GoogleCharts->price()
 5 SYSTEMPATH/CodeIgniter.php(457): CodeIgniter\CodeIgniter->runController(Object(App\Controllers\GoogleCharts))
 6 SYSTEMPATH/CodeIgniter.php(340): CodeIgniter\CodeIgniter->handleRequest(null, Object(Config\Cache), false)
 7 FCPATH/index.php(67): CodeIgniter\CodeIgniter->run()
 8 SYSTEMPATH/Commands/Server/rewrite.php(46): require_once('FCPATH/index.php')
CRITICAL - 2022-12-02 22:31:01 --> Undefined property: stdClass::$count
in APPPATH/Views/home.php on line 110.
 1 APPPATH/Views/home.php(110): CodeIgniter\Debug\Exceptions->errorHandler(2, 'Undefined property: stdClass::$count', 'APPPATH/Views/home.php', 110)
 2 SYSTEMPATH/View/View.php(213): include('APPPATH/Views/home.php')
 3 SYSTEMPATH/View/View.php(216): CodeIgniter\View\View->CodeIgniter\View\{closure}()
 4 SYSTEMPATH/Common.php(1142): CodeIgniter\View\View->render('home', [], true)
 5 APPPATH/Controllers/GoogleCharts.php(34): view('home', [...])
 6 SYSTEMPATH/CodeIgniter.php(902): App\Controllers\GoogleCharts->price()
 7 SYSTEMPATH/CodeIgniter.php(457): CodeIgniter\CodeIgniter->runController(Object(App\Controllers\GoogleCharts))
 8 SYSTEMPATH/CodeIgniter.php(340): CodeIgniter\CodeIgniter->handleRequest(null, Object(Config\Cache), false)
 9 FCPATH/index.php(67): CodeIgniter\CodeIgniter->run()
10 SYSTEMPATH/Commands/Server/rewrite.php(46): require_once('FCPATH/index.php')
CRITICAL - 2022-12-02 22:31:02 --> Undefined property: stdClass::$count
in APPPATH/Views/home.php on line 110.
 1 APPPATH/Views/home.php(110): CodeIgniter\Debug\Exceptions->errorHandler(2, 'Undefined property: stdClass::$count', 'APPPATH/Views/home.php', 110)
 2 SYSTEMPATH/View/View.php(213): include('APPPATH/Views/home.php')
 3 SYSTEMPATH/View/View.php(216): CodeIgniter\View\View->CodeIgniter\View\{closure}()
 4 SYSTEMPATH/Common.php(1142): CodeIgniter\View\View->render('home', [], true)
 5 APPPATH/Controllers/GoogleCharts.php(34): view('home', [...])
 6 SYSTEMPATH/CodeIgniter.php(902): App\Controllers\GoogleCharts->price()
 7 SYSTEMPATH/CodeIgniter.php(457): CodeIgniter\CodeIgniter->runController(Object(App\Controllers\GoogleCharts))
 8 SYSTEMPATH/CodeIgniter.php(340): CodeIgniter\CodeIgniter->handleRequest(null, Object(Config\Cache), false)
 9 FCPATH/index.php(67): CodeIgniter\CodeIgniter->run()
10 SYSTEMPATH/Commands/Server/rewrite.php(46): require_once('FCPATH/index.php')
CRITICAL - 2022-12-02 22:31:29 --> Undefined property: stdClass::$price_per_item
in APPPATH/Views/home.php on line 110.
 1 APPPATH/Views/home.php(110): CodeIgniter\Debug\Exceptions->errorHandler(2, 'Undefined property: stdClass::$price_per_item', 'APPPATH/Views/home.php', 110)
 2 SYSTEMPATH/View/View.php(213): include('APPPATH/Views/home.php')
 3 SYSTEMPATH/View/View.php(216): CodeIgniter\View\View->CodeIgniter\View\{closure}()
 4 SYSTEMPATH/Common.php(1142): CodeIgniter\View\View->render('home', [], true)
 5 APPPATH/Controllers/GoogleCharts.php(34): view('home', [...])
 6 SYSTEMPATH/CodeIgniter.php(902): App\Controllers\GoogleCharts->price()
 7 SYSTEMPATH/CodeIgniter.php(457): CodeIgniter\CodeIgniter->runController(Object(App\Controllers\GoogleCharts))
 8 SYSTEMPATH/CodeIgniter.php(340): CodeIgniter\CodeIgniter->handleRequest(null, Object(Config\Cache), false)
 9 FCPATH/index.php(67): CodeIgniter\CodeIgniter->run()
10 SYSTEMPATH/Commands/Server/rewrite.php(46): require_once('FCPATH/index.php')
CRITICAL - 2022-12-02 22:41:36 --> syntax error, unexpected identifier " "
in APPPATH/Views/home.php on line 114.
 1 SYSTEMPATH/View/View.php(216): CodeIgniter\View\View->CodeIgniter\View\{closure}()
 2 SYSTEMPATH/Common.php(1142): CodeIgniter\View\View->render('home', [], true)
 3 APPPATH/Controllers/GoogleCharts.php(34): view('home', [...])
 4 SYSTEMPATH/CodeIgniter.php(902): App\Controllers\GoogleCharts->price()
 5 SYSTEMPATH/CodeIgniter.php(457): CodeIgniter\CodeIgniter->runController(Object(App\Controllers\GoogleCharts))
 6 SYSTEMPATH/CodeIgniter.php(340): CodeIgniter\CodeIgniter->handleRequest(null, Object(Config\Cache), false)
 7 FCPATH/index.php(67): CodeIgniter\CodeIgniter->run()
 8 SYSTEMPATH/Commands/Server/rewrite.php(46): require_once('FCPATH/index.php')
CRITICAL - 2022-12-02 22:42:05 --> syntax error, unexpected token "echo"
in APPPATH/Views/home.php on line 111.
 1 SYSTEMPATH/View/View.php(216): CodeIgniter\View\View->CodeIgniter\View\{closure}()
 2 SYSTEMPATH/Common.php(1142): CodeIgniter\View\View->render('home', [], true)
 3 APPPATH/Controllers/GoogleCharts.php(34): view('home', [...])
 4 SYSTEMPATH/CodeIgniter.php(902): App\Controllers\GoogleCharts->price()
 5 SYSTEMPATH/CodeIgniter.php(457): CodeIgniter\CodeIgniter->runController(Object(App\Controllers\GoogleCharts))
 6 SYSTEMPATH/CodeIgniter.php(340): CodeIgniter\CodeIgniter->handleRequest(null, Object(Config\Cache), false)
 7 FCPATH/index.php(67): CodeIgniter\CodeIgniter->run()
 8 SYSTEMPATH/Commands/Server/rewrite.php(46): require_once('FCPATH/index.php')
CRITICAL - 2022-12-02 22:42:22 --> syntax error, unexpected identifier " "
in APPPATH/Views/home.php on line 114.
 1 SYSTEMPATH/View/View.php(216): CodeIgniter\View\View->CodeIgniter\View\{closure}()
 2 SYSTEMPATH/Common.php(1142): CodeIgniter\View\View->render('home', [], true)
 3 APPPATH/Controllers/GoogleCharts.php(34): view('home', [...])
 4 SYSTEMPATH/CodeIgniter.php(902): App\Controllers\GoogleCharts->price()
 5 SYSTEMPATH/CodeIgniter.php(457): CodeIgniter\CodeIgniter->runController(Object(App\Controllers\GoogleCharts))
 6 SYSTEMPATH/CodeIgniter.php(340): CodeIgniter\CodeIgniter->handleRequest(null, Object(Config\Cache), false)
 7 FCPATH/index.php(67): CodeIgniter\CodeIgniter->run()
 8 SYSTEMPATH/Commands/Server/rewrite.php(46): require_once('FCPATH/index.php')
CRITICAL - 2022-12-02 22:43:14 --> syntax error, unexpected token "echo"
in APPPATH/Views/home.php on line 112.
 1 SYSTEMPATH/View/View.php(216): CodeIgniter\View\View->CodeIgniter\View\{closure}()
 2 SYSTEMPATH/Common.php(1142): CodeIgniter\View\View->render('home', [], true)
 3 APPPATH/Controllers/GoogleCharts.php(34): view('home', [...])
 4 SYSTEMPATH/CodeIgniter.php(902): App\Controllers\GoogleCharts->price()
 5 SYSTEMPATH/CodeIgniter.php(457): CodeIgniter\CodeIgniter->runController(Object(App\Controllers\GoogleCharts))
 6 SYSTEMPATH/CodeIgniter.php(340): CodeIgniter\CodeIgniter->handleRequest(null, Object(Config\Cache), false)
 7 FCPATH/index.php(67): CodeIgniter\CodeIgniter->run()
 8 SYSTEMPATH/Commands/Server/rewrite.php(46): require_once('FCPATH/index.php')
CRITICAL - 2022-12-02 22:47:04 --> Unclosed '{' on line 109
in APPPATH/Views/home.php on line 131.
 1 SYSTEMPATH/View/View.php(216): CodeIgniter\View\View->CodeIgniter\View\{closure}()
 2 SYSTEMPATH/Common.php(1142): CodeIgniter\View\View->render('home', [], true)
 3 APPPATH/Controllers/GoogleCharts.php(34): view('home', [...])
 4 SYSTEMPATH/CodeIgniter.php(902): App\Controllers\GoogleCharts->price()
 5 SYSTEMPATH/CodeIgniter.php(457): CodeIgniter\CodeIgniter->runController(Object(App\Controllers\GoogleCharts))
 6 SYSTEMPATH/CodeIgniter.php(340): CodeIgniter\CodeIgniter->handleRequest(null, Object(Config\Cache), false)
 7 FCPATH/index.php(67): CodeIgniter\CodeIgniter->run()
 8 SYSTEMPATH/Commands/Server/rewrite.php(46): require_once('FCPATH/index.php')
