CRITICAL - 2022-11-12 17:05:30 --> include(assets/grocery_crud/languages/English.php): Failed to open stream: No such file or directory
in APPPATH/Libraries/GroceryCrud.php on line 3979.
 1 APPPATH/Libraries/GroceryCrud.php(3979): CodeIgniter\Debug\Exceptions->errorHandler(2, 'include(assets/grocery_crud/languages/English.php): Failed to open stream: No such file or directory', 'APPPATH/Libraries/GroceryCrud.php', 3979)
 2 APPPATH/Libraries/GroceryCrud.php(3979): include()
 3 APPPATH/Libraries/GroceryCrud.php(4443): App\Libraries\GroceryCrud->_load_language()
 4 APPPATH/Libraries/GroceryCrud.php(4467): App\Libraries\GroceryCrud->pre_render()
 5 APPPATH/Controllers/Examples.php(13): App\Libraries\GroceryCrud->render()
 6 SYSTEMPATH/CodeIgniter.php(902): App\Controllers\Examples->customers_management()
 7 SYSTEMPATH/CodeIgniter.php(457): CodeIgniter\CodeIgniter->runController(Object(App\Controllers\Examples))
 8 SYSTEMPATH/CodeIgniter.php(340): CodeIgniter\CodeIgniter->handleRequest(null, Object(Config\Cache), false)
 9 FCPATH/index.php(67): CodeIgniter\CodeIgniter->run()
10 SYSTEMPATH/Commands/Server/rewrite.php(46): require_once('FCPATH/index.php')
CRITICAL - 2022-11-12 17:06:44 --> include(assets/grocery_crud/languages/English.php): Failed to open stream: No such file or directory
in APPPATH/Libraries/GroceryCrud.php on line 3979.
 1 APPPATH/Libraries/GroceryCrud.php(3979): CodeIgniter\Debug\Exceptions->errorHandler(2, 'include(assets/grocery_crud/languages/English.php): Failed to open stream: No such file or directory', 'APPPATH/Libraries/GroceryCrud.php', 3979)
 2 APPPATH/Libraries/GroceryCrud.php(3979): include()
 3 APPPATH/Libraries/GroceryCrud.php(4443): App\Libraries\GroceryCrud->_load_language()
 4 APPPATH/Libraries/GroceryCrud.php(4467): App\Libraries\GroceryCrud->pre_render()
 5 APPPATH/Controllers/Examples.php(13): App\Libraries\GroceryCrud->render()
 6 SYSTEMPATH/CodeIgniter.php(902): App\Controllers\Examples->customers_management()
 7 SYSTEMPATH/CodeIgniter.php(457): CodeIgniter\CodeIgniter->runController(Object(App\Controllers\Examples))
 8 SYSTEMPATH/CodeIgniter.php(340): CodeIgniter\CodeIgniter->handleRequest(null, Object(Config\Cache), false)
 9 FCPATH/index.php(67): CodeIgniter\CodeIgniter->run()
10 SYSTEMPATH/Commands/Server/rewrite.php(46): require_once('FCPATH/index.php')
CRITICAL - 2022-11-12 17:07:21 --> include(assets/grocery_crud/languages/English.php): Failed to open stream: No such file or directory
in APPPATH/Libraries/GroceryCrud.php on line 3979.
 1 APPPATH/Libraries/GroceryCrud.php(3979): CodeIgniter\Debug\Exceptions->errorHandler(2, 'include(assets/grocery_crud/languages/English.php): Failed to open stream: No such file or directory', 'APPPATH/Libraries/GroceryCrud.php', 3979)
 2 APPPATH/Libraries/GroceryCrud.php(3979): include()
 3 APPPATH/Libraries/GroceryCrud.php(4443): App\Libraries\GroceryCrud->_load_language()
 4 APPPATH/Libraries/GroceryCrud.php(4467): App\Libraries\GroceryCrud->pre_render()
 5 APPPATH/Controllers/Examples.php(13): App\Libraries\GroceryCrud->render()
 6 SYSTEMPATH/CodeIgniter.php(902): App\Controllers\Examples->customers_management()
 7 SYSTEMPATH/CodeIgniter.php(457): CodeIgniter\CodeIgniter->runController(Object(App\Controllers\Examples))
 8 SYSTEMPATH/CodeIgniter.php(340): CodeIgniter\CodeIgniter->handleRequest(null, Object(Config\Cache), false)
 9 FCPATH/index.php(67): CodeIgniter\CodeIgniter->run()
10 SYSTEMPATH/Commands/Server/rewrite.php(46): require_once('FCPATH/index.php')
CRITICAL - 2022-11-12 17:07:25 --> include(assets/grocery_crud/languages/English.php): Failed to open stream: No such file or directory
in APPPATH/Libraries/GroceryCrud.php on line 3979.
 1 APPPATH/Libraries/GroceryCrud.php(3979): CodeIgniter\Debug\Exceptions->errorHandler(2, 'include(assets/grocery_crud/languages/English.php): Failed to open stream: No such file or directory', 'APPPATH/Libraries/GroceryCrud.php', 3979)
 2 APPPATH/Libraries/GroceryCrud.php(3979): include()
 3 APPPATH/Libraries/GroceryCrud.php(4443): App\Libraries\GroceryCrud->_load_language()
 4 APPPATH/Libraries/GroceryCrud.php(4467): App\Libraries\GroceryCrud->pre_render()
 5 APPPATH/Controllers/Examples.php(13): App\Libraries\GroceryCrud->render()
 6 SYSTEMPATH/CodeIgniter.php(902): App\Controllers\Examples->customers_management()
 7 SYSTEMPATH/CodeIgniter.php(457): CodeIgniter\CodeIgniter->runController(Object(App\Controllers\Examples))
 8 SYSTEMPATH/CodeIgniter.php(340): CodeIgniter\CodeIgniter->handleRequest(null, Object(Config\Cache), false)
 9 FCPATH/index.php(67): CodeIgniter\CodeIgniter->run()
10 SYSTEMPATH/Commands/Server/rewrite.php(46): require_once('FCPATH/index.php')
CRITICAL - 2022-11-12 17:09:00 --> include(assets/grocery_crud/languages/English.php): Failed to open stream: No such file or directory
in APPPATH/Libraries/GroceryCrud.php on line 3979.
 1 APPPATH/Libraries/GroceryCrud.php(3979): CodeIgniter\Debug\Exceptions->errorHandler(2, 'include(assets/grocery_crud/languages/English.php): Failed to open stream: No such file or directory', 'APPPATH/Libraries/GroceryCrud.php', 3979)
 2 APPPATH/Libraries/GroceryCrud.php(3979): include()
 3 APPPATH/Libraries/GroceryCrud.php(4443): App\Libraries\GroceryCrud->_load_language()
 4 APPPATH/Libraries/GroceryCrud.php(4467): App\Libraries\GroceryCrud->pre_render()
 5 APPPATH/Controllers/Examples.php(13): App\Libraries\GroceryCrud->render()
 6 SYSTEMPATH/CodeIgniter.php(902): App\Controllers\Examples->customers_management()
 7 SYSTEMPATH/CodeIgniter.php(457): CodeIgniter\CodeIgniter->runController(Object(App\Controllers\Examples))
 8 SYSTEMPATH/CodeIgniter.php(340): CodeIgniter\CodeIgniter->handleRequest(null, Object(Config\Cache), false)
 9 FCPATH/index.php(67): CodeIgniter\CodeIgniter->run()
10 SYSTEMPATH/Commands/Server/rewrite.php(46): require_once('FCPATH/index.php')
CRITICAL - 2022-11-12 17:13:19 --> include(assets/grocery_crud/languages/English.php): Failed to open stream: No such file or directory
in APPPATH/Libraries/GroceryCrud.php on line 3979.
 1 APPPATH/Libraries/GroceryCrud.php(3979): CodeIgniter\Debug\Exceptions->errorHandler(2, 'include(assets/grocery_crud/languages/English.php): Failed to open stream: No such file or directory', 'APPPATH/Libraries/GroceryCrud.php', 3979)
 2 APPPATH/Libraries/GroceryCrud.php(3979): include()
 3 APPPATH/Libraries/GroceryCrud.php(4443): App\Libraries\GroceryCrud->_load_language()
 4 APPPATH/Libraries/GroceryCrud.php(4467): App\Libraries\GroceryCrud->pre_render()
 5 APPPATH/Controllers/Examples.php(13): App\Libraries\GroceryCrud->render()
 6 SYSTEMPATH/CodeIgniter.php(902): App\Controllers\Examples->customers_management()
 7 SYSTEMPATH/CodeIgniter.php(457): CodeIgniter\CodeIgniter->runController(Object(App\Controllers\Examples))
 8 SYSTEMPATH/CodeIgniter.php(340): CodeIgniter\CodeIgniter->handleRequest(null, Object(Config\Cache), false)
 9 FCPATH/index.php(67): CodeIgniter\CodeIgniter->run()
10 SYSTEMPATH/Commands/Server/rewrite.php(46): require_once('FCPATH/index.php')
CRITICAL - 2022-11-12 17:14:48 --> include(assets/grocery_crud/languages/English.php): Failed to open stream: No such file or directory
in APPPATH/Libraries/GroceryCrud.php on line 3979.
 1 APPPATH/Libraries/GroceryCrud.php(3979): CodeIgniter\Debug\Exceptions->errorHandler(2, 'include(assets/grocery_crud/languages/English.php): Failed to open stream: No such file or directory', 'APPPATH/Libraries/GroceryCrud.php', 3979)
 2 APPPATH/Libraries/GroceryCrud.php(3979): include()
 3 APPPATH/Libraries/GroceryCrud.php(4443): App\Libraries\GroceryCrud->_load_language()
 4 APPPATH/Libraries/GroceryCrud.php(4467): App\Libraries\GroceryCrud->pre_render()
 5 APPPATH/Controllers/Examples.php(13): App\Libraries\GroceryCrud->render()
 6 SYSTEMPATH/CodeIgniter.php(902): App\Controllers\Examples->customers_management()
 7 SYSTEMPATH/CodeIgniter.php(457): CodeIgniter\CodeIgniter->runController(Object(App\Controllers\Examples))
 8 SYSTEMPATH/CodeIgniter.php(340): CodeIgniter\CodeIgniter->handleRequest(null, Object(Config\Cache), false)
 9 FCPATH/index.php(67): CodeIgniter\CodeIgniter->run()
10 SYSTEMPATH/Commands/Server/rewrite.php(46): require_once('FCPATH/index.php')
CRITICAL - 2022-11-12 17:15:10 --> include(assets/grocery_crud/languages/English.php): Failed to open stream: No such file or directory
in APPPATH/Libraries/GroceryCrud.php on line 3979.
 1 APPPATH/Libraries/GroceryCrud.php(3979): CodeIgniter\Debug\Exceptions->errorHandler(2, 'include(assets/grocery_crud/languages/English.php): Failed to open stream: No such file or directory', 'APPPATH/Libraries/GroceryCrud.php', 3979)
 2 APPPATH/Libraries/GroceryCrud.php(3979): include()
 3 APPPATH/Libraries/GroceryCrud.php(4443): App\Libraries\GroceryCrud->_load_language()
 4 APPPATH/Libraries/GroceryCrud.php(4467): App\Libraries\GroceryCrud->pre_render()
 5 APPPATH/Controllers/Examples.php(13): App\Libraries\GroceryCrud->render()
 6 SYSTEMPATH/CodeIgniter.php(902): App\Controllers\Examples->customers_management()
 7 SYSTEMPATH/CodeIgniter.php(457): CodeIgniter\CodeIgniter->runController(Object(App\Controllers\Examples))
 8 SYSTEMPATH/CodeIgniter.php(340): CodeIgniter\CodeIgniter->handleRequest(null, Object(Config\Cache), false)
 9 FCPATH/index.php(67): CodeIgniter\CodeIgniter->run()
10 SYSTEMPATH/Commands/Server/rewrite.php(46): require_once('FCPATH/index.php')
CRITICAL - 2022-11-12 17:16:06 --> include(assets/grocery_crud/languages/English.php): Failed to open stream: No such file or directory
in APPPATH/Libraries/GroceryCrud.php on line 3979.
 1 APPPATH/Libraries/GroceryCrud.php(3979): CodeIgniter\Debug\Exceptions->errorHandler(2, 'include(assets/grocery_crud/languages/English.php): Failed to open stream: No such file or directory', 'APPPATH/Libraries/GroceryCrud.php', 3979)
 2 APPPATH/Libraries/GroceryCrud.php(3979): include()
 3 APPPATH/Libraries/GroceryCrud.php(4443): App\Libraries\GroceryCrud->_load_language()
 4 APPPATH/Libraries/GroceryCrud.php(4467): App\Libraries\GroceryCrud->pre_render()
 5 APPPATH/Controllers/Examples.php(13): App\Libraries\GroceryCrud->render()
 6 SYSTEMPATH/CodeIgniter.php(902): App\Controllers\Examples->customers_management()
 7 SYSTEMPATH/CodeIgniter.php(457): CodeIgniter\CodeIgniter->runController(Object(App\Controllers\Examples))
 8 SYSTEMPATH/CodeIgniter.php(340): CodeIgniter\CodeIgniter->handleRequest(null, Object(Config\Cache), false)
 9 FCPATH/index.php(67): CodeIgniter\CodeIgniter->run()
10 SYSTEMPATH/Commands/Server/rewrite.php(46): require_once('FCPATH/index.php')
